[20951][1598451556626][main][info]["Booting Postman 7.31.1, linux-5.3.0-64-generic on x64"]
[20951][1598451556630][main][info]["EventBus~initialize - Success"]
[20951][1598451556632][main][warn]["CloudProxyManager~init: Error while reading proxy configuration from user data - ",{"errno":-2,"code":"ENOENT","syscall":"open","path":"/home/qa-admin/snap/postman/123/.config/Postman/Postman_Config/proxy","name":"Error","message":"ENOENT: no such file or directory, open '/home/qa-admin/snap/postman/123/.config/Postman/Postman_Config/proxy'","stack":"Error: ENOENT: no such file or directory, open '/home/qa-admin/snap/postman/123/.config/Postman/Postman_Config/proxy'"}]
[20951][1598451556633][main][info]["CloudProxyManager~init - Success"]
[20951][1598451556642][main][info]["UpdateHandler~init - Success"]
[20951][1598451557606][main][info]["RuntimeIPCAgent~started: Success"]
[20951][1598451557982][main][info]["LinuxAutoUpdater~Cleanup - Initial cleanup successful"]
[20951][1598451558025][main][warn]["main~populateInstallationId: Failed to get installationId from appSettings but with no error"]
[20951][1598451558057][main][info]["Bootstrap-models~bootstrap - Success"]
[20951][1598451559297][main][info]["window-manager~newSharedWindow: Shell loaded"]
[20951][1598451564259][main][info]["Main~AppEvents - Received booted event for process shared"]
[20951][1598451566904][main][info]["Main~AppEvents - Received booted event for process requester"]
[20951][1598457682304][main][info]["WindowManager~closeHandler - Closed Window (id: 4 )"]
[20951][1598457683490][main][info]["Quitting app"]
[5966][1598511195834][main][info]["Booting Postman 7.31.1, linux-5.3.0-64-generic on x64"]
[5966][1598511195837][main][info]["EventBus~initialize - Success"]
[5966][1598511195840][main][warn]["CloudProxyManager~init: Error while reading proxy configuration from user data - ",{"errno":-2,"code":"ENOENT","syscall":"open","path":"/home/qa-admin/snap/postman/123/.config/Postman/Postman_Config/proxy","name":"Error","message":"ENOENT: no such file or directory, open '/home/qa-admin/snap/postman/123/.config/Postman/Postman_Config/proxy'","stack":"Error: ENOENT: no such file or directory, open '/home/qa-admin/snap/postman/123/.config/Postman/Postman_Config/proxy'"}]
[5966][1598511195842][main][info]["CloudProxyManager~init - Success"]
[5966][1598511195848][main][info]["UpdateHandler~init - Success"]
[5966][1598511196693][main][info]["RuntimeIPCAgent~started: Success"]
[5966][1598511197033][main][info]["LinuxAutoUpdater~Cleanup - Initial cleanup successful"]
[5966][1598511197112][main][info]["Bootstrap-models~bootstrap - Success"]
[5966][1598511198512][main][info]["window-manager~newSharedWindow: Shell loaded"]
[5966][1598511202960][main][info]["Main~AppEvents - Received booted event for process shared"]
[5966][1598511206204][main][info]["Main~AppEvents - Received booted event for process requester"]
[13131][1598616677019][main][info]["Booting Postman 7.31.1, linux-5.3.0-64-generic on x64"]
[13131][1598616677023][main][info]["EventBus~initialize - Success"]
[13131][1598616677026][main][warn]["CloudProxyManager~init: Error while reading proxy configuration from user data - ",{"errno":-2,"code":"ENOENT","syscall":"open","path":"/home/qa-admin/snap/postman/123/.config/Postman/Postman_Config/proxy","name":"Error","message":"ENOENT: no such file or directory, open '/home/qa-admin/snap/postman/123/.config/Postman/Postman_Config/proxy'","stack":"Error: ENOENT: no such file or directory, open '/home/qa-admin/snap/postman/123/.config/Postman/Postman_Config/proxy'"}]
[13131][1598616677027][main][info]["CloudProxyManager~init - Success"]
[13131][1598616677034][main][info]["UpdateHandler~init - Success"]
[13131][1598616677918][main][info]["RuntimeIPCAgent~started: Success"]
[13131][1598616678271][main][info]["LinuxAutoUpdater~Cleanup - Initial cleanup successful"]
[13131][1598616678342][main][info]["Bootstrap-models~bootstrap - Success"]
[13131][1598616679820][main][info]["window-manager~newSharedWindow: Shell loaded"]
[13131][1598616685098][main][info]["Main~AppEvents - Received booted event for process shared"]
[13131][1598616688817][main][info]["Main~AppEvents - Received booted event for process requester"]
[13131][1598625506310][main][info]["WindowManager~closeHandler - Closed Window (id: 3 )"]
[13131][1598625507226][main][info]["Quitting app"]
[2369][1598836747883][main][info]["Booting Postman 7.31.1, linux-5.3.0-64-generic on x64"]
[2369][1598836747888][main][info]["EventBus~initialize - Success"]
[2369][1598836747895][main][warn]["CloudProxyManager~init: Error while reading proxy configuration from user data - ",{"errno":-2,"code":"ENOENT","syscall":"open","path":"/home/qa-admin/snap/postman/123/.config/Postman/Postman_Config/proxy","name":"Error","message":"ENOENT: no such file or directory, open '/home/qa-admin/snap/postman/123/.config/Postman/Postman_Config/proxy'","stack":"Error: ENOENT: no such file or directory, open '/home/qa-admin/snap/postman/123/.config/Postman/Postman_Config/proxy'"}]
[2369][1598836747897][main][info]["CloudProxyManager~init - Success"]
[2369][1598836747906][main][info]["UpdateHandler~init - Success"]
[2369][1598836748863][main][info]["RuntimeIPCAgent~started: Success"]
[2369][1598836749219][main][info]["LinuxAutoUpdater~Cleanup - Initial cleanup successful"]
[2369][1598836749235][main][error]["main~makeSingleInstance: Could not get waterline model for window. ORM not initialized."]
[2369][1598836749242][main][warn]["WindowManager~newRequesterWindow - Bailing requester window creation as shared is not booted!"]
[2369][1598836749243][main][error]["main~makeSingleInstance: New Requester window instance not found"]
[2369][1598836749396][main][info]["Bootstrap-models~bootstrap - Success"]
[2369][1598836750768][main][info]["window-manager~newSharedWindow: Shell loaded"]
[2369][1598836755135][main][info]["Main~AppEvents - Received booted event for process shared"]
[2369][1598836758277][main][info]["Main~AppEvents - Received booted event for process requester"]
[5741][1598950890131][main][info]["Booting Postman 7.31.1, linux-5.3.0-64-generic on x64"]
[5741][1598950890135][main][info]["EventBus~initialize - Success"]
[5741][1598950890137][main][warn]["CloudProxyManager~init: Error while reading proxy configuration from user data - ",{"errno":-2,"code":"ENOENT","syscall":"open","path":"/home/qa-admin/snap/postman/123/.config/Postman/Postman_Config/proxy","name":"Error","message":"ENOENT: no such file or directory, open '/home/qa-admin/snap/postman/123/.config/Postman/Postman_Config/proxy'","stack":"Error: ENOENT: no such file or directory, open '/home/qa-admin/snap/postman/123/.config/Postman/Postman_Config/proxy'"}]
[5741][1598950890138][main][info]["CloudProxyManager~init - Success"]
[5741][1598950890143][main][info]["UpdateHandler~init - Success"]
[5741][1598950890908][main][info]["RuntimeIPCAgent~started: Success"]
[5741][1598950891202][main][info]["LinuxAutoUpdater~Cleanup - Initial cleanup successful"]
[5741][1598950891286][main][info]["Bootstrap-models~bootstrap - Success"]
[5741][1598950892623][main][info]["window-manager~newSharedWindow: Shell loaded"]
[5741][1598950896235][main][info]["Main~AppEvents - Received booted event for process shared"]
[5741][1598950898666][main][info]["Main~AppEvents - Received booted event for process requester"]
[5741][1598976198662][main][info]["WindowManager~closeHandler - Closed Window (id: 3 )"]
[5741][1598976199311][main][info]["Quitting app"]
[4816][1599120932393][main][info]["Booting Postman 7.31.1, linux-5.3.0-64-generic on x64"]
[4816][1599120932397][main][info]["EventBus~initialize - Success"]
[4816][1599120932401][main][warn]["CloudProxyManager~init: Error while reading proxy configuration from user data - ",{"errno":-2,"code":"ENOENT","syscall":"open","path":"/home/qa-admin/snap/postman/123/.config/Postman/Postman_Config/proxy","name":"Error","message":"ENOENT: no such file or directory, open '/home/qa-admin/snap/postman/123/.config/Postman/Postman_Config/proxy'","stack":"Error: ENOENT: no such file or directory, open '/home/qa-admin/snap/postman/123/.config/Postman/Postman_Config/proxy'"}]
[4816][1599120932402][main][info]["CloudProxyManager~init - Success"]
[4816][1599120932410][main][info]["UpdateHandler~init - Success"]
[4816][1599120933297][main][info]["RuntimeIPCAgent~started: Success"]
[4816][1599120933632][main][info]["LinuxAutoUpdater~Cleanup - Initial cleanup successful"]
[4816][1599120933700][main][info]["Bootstrap-models~bootstrap - Success"]
[4816][1599120935211][main][info]["window-manager~newSharedWindow: Shell loaded"]
[4816][1599120939927][main][info]["Main~AppEvents - Received booted event for process shared"]
[4816][1599120943105][main][info]["Main~AppEvents - Received booted event for process requester"]
[14445][1599169192433][main][info]["Booting Postman 7.31.1, linux-5.3.0-64-generic on x64"]
[14445][1599169192441][main][info]["EventBus~initialize - Success"]
[14445][1599169192444][main][warn]["CloudProxyManager~init: Error while reading proxy configuration from user data - ",{"errno":-2,"code":"ENOENT","syscall":"open","path":"/home/qa-admin/snap/postman/123/.config/Postman/Postman_Config/proxy","name":"Error","message":"ENOENT: no such file or directory, open '/home/qa-admin/snap/postman/123/.config/Postman/Postman_Config/proxy'","stack":"Error: ENOENT: no such file or directory, open '/home/qa-admin/snap/postman/123/.config/Postman/Postman_Config/proxy'"}]
[14445][1599169192444][main][info]["CloudProxyManager~init - Success"]
[14445][1599169192450][main][info]["UpdateHandler~init - Success"]
[14445][1599169193148][main][info]["RuntimeIPCAgent~started: Success"]
[14445][1599169193419][main][info]["LinuxAutoUpdater~Cleanup - Initial cleanup successful"]
[14445][1599169193471][main][info]["Bootstrap-models~bootstrap - Success"]
[14445][1599169194771][main][info]["window-manager~newSharedWindow: Shell loaded"]
[14445][1599169197861][main][info]["Main~AppEvents - Received booted event for process shared"]
[14445][1599169200234][main][info]["Main~AppEvents - Received booted event for process requester"]
[11343][1599473413900][main][info]["Booting Postman 7.31.1, linux-5.3.0-64-generic on x64"]
[11343][1599473413905][main][info]["EventBus~initialize - Success"]
[11343][1599473413908][main][warn]["CloudProxyManager~init: Error while reading proxy configuration from user data - ",{"errno":-2,"code":"ENOENT","syscall":"open","path":"/home/qa-admin/snap/postman/123/.config/Postman/Postman_Config/proxy","name":"Error","message":"ENOENT: no such file or directory, open '/home/qa-admin/snap/postman/123/.config/Postman/Postman_Config/proxy'","stack":"Error: ENOENT: no such file or directory, open '/home/qa-admin/snap/postman/123/.config/Postman/Postman_Config/proxy'"}]
[11343][1599473413910][main][info]["CloudProxyManager~init - Success"]
[11343][1599473413917][main][info]["UpdateHandler~init - Success"]
[11343][1599473414779][main][info]["RuntimeIPCAgent~started: Success"]
[11343][1599473415144][main][info]["LinuxAutoUpdater~Cleanup - Initial cleanup successful"]
[11343][1599473415212][main][info]["Bootstrap-models~bootstrap - Success"]
[11343][1599473416683][main][info]["window-manager~newSharedWindow: Shell loaded"]
[11343][1599473421693][main][info]["Main~AppEvents - Received booted event for process shared"]
[11343][1599473424968][main][info]["Main~AppEvents - Received booted event for process requester"]
[11343][1599486210342][main][info]["WindowManager~closeHandler - Closed Window (id: 3 )"]
[11343][1599486210382][main][info]["Quitting app"]
[5952][1599640789583][main][info]["Booting Postman 7.32.0, linux-5.3.0-64-generic on x64"]
[5952][1599640789586][main][info]["EventBus~initialize - Success"]
[5952][1599640789589][main][warn]["CloudProxyManager~init: Error while reading proxy configuration from user data - ",{"errno":-2,"code":"ENOENT","syscall":"open","path":"/home/qa-admin/snap/postman/124/.config/Postman/Postman_Config/proxy","name":"Error","message":"ENOENT: no such file or directory, open '/home/qa-admin/snap/postman/124/.config/Postman/Postman_Config/proxy'","stack":"Error: ENOENT: no such file or directory, open '/home/qa-admin/snap/postman/124/.config/Postman/Postman_Config/proxy'"}]
[5952][1599640789591][main][info]["CloudProxyManager~init - Success"]
[5952][1599640789598][main][info]["UpdateHandler~init - Success"]
[5952][1599640790518][main][info]["RuntimeIPCAgent~started: Success"]
[5952][1599640790852][main][info]["LinuxAutoUpdater~Cleanup - Initial cleanup successful"]
[5952][1599640790938][main][info]["Bootstrap-models~bootstrap - Success"]
[5952][1599640792386][main][info]["window-manager~newSharedWindow: Shell loaded"]
[5952][1599640797011][main][info]["Main~AppEvents - Received booted event for process shared"]
[5952][1599640800274][main][info]["Main~AppEvents - Received booted event for process requester"]
[10099][1600090025994][main][info]["Booting Postman 7.32.0, linux-5.3.0-64-generic on x64"]
[10099][1600090025998][main][info]["EventBus~initialize - Success"]
[10099][1600090026000][main][warn]["CloudProxyManager~init: Error while reading proxy configuration from user data - ",{"errno":-2,"code":"ENOENT","syscall":"open","path":"/home/qa-admin/snap/postman/124/.config/Postman/Postman_Config/proxy","name":"Error","message":"ENOENT: no such file or directory, open '/home/qa-admin/snap/postman/124/.config/Postman/Postman_Config/proxy'","stack":"Error: ENOENT: no such file or directory, open '/home/qa-admin/snap/postman/124/.config/Postman/Postman_Config/proxy'"}]
[10099][1600090026001][main][info]["CloudProxyManager~init - Success"]
[10099][1600090026007][main][info]["UpdateHandler~init - Success"]
[10099][1600090026739][main][info]["RuntimeIPCAgent~started: Success"]
[10099][1600090026995][main][info]["LinuxAutoUpdater~Cleanup - Initial cleanup successful"]
[10099][1600090027082][main][info]["Bootstrap-models~bootstrap - Success"]
[10099][1600090028314][main][info]["window-manager~newSharedWindow: Shell loaded"]
[10099][1600090032556][main][info]["Main~AppEvents - Received booted event for process shared"]
[10099][1600090034686][main][info]["WindowManager~closeHandler - Closed Window (id: 3 )"]
[10099][1600090034704][main][info]["Quitting app"]
[9225][1600907732551][main][info]["Booting Postman 7.33.1, linux-5.3.0-64-generic on x64"]
[9225][1600907732555][main][info]["EventBus~initialize - Success"]
[9225][1600907732558][main][warn]["CloudProxyManager~init: Error while reading proxy configuration from user data - ",{"errno":-2,"code":"ENOENT","syscall":"open","path":"/home/qa-admin/snap/postman/126/.config/Postman/Postman_Config/proxy","name":"Error","message":"ENOENT: no such file or directory, open '/home/qa-admin/snap/postman/126/.config/Postman/Postman_Config/proxy'","stack":"Error: ENOENT: no such file or directory, open '/home/qa-admin/snap/postman/126/.config/Postman/Postman_Config/proxy'"}]
[9225][1600907732559][main][info]["CloudProxyManager~init - Success"]
[9225][1600907732566][main][info]["UpdateHandler~init - Success"]
[9225][1600907733535][main][info]["RuntimeIPCAgent~started: Success"]
[9225][1600907733872][main][info]["LinuxAutoUpdater~Cleanup - Initial cleanup successful"]
[9225][1600907733943][main][info]["Bootstrap-models~bootstrap - Success"]
[9225][1600907735418][main][info]["window-manager~newSharedWindow: Shell loaded"]
[9225][1600907740551][main][info]["Main~AppEvents - Received booted event for process shared"]
[9225][1600907744526][main][info]["Main~AppEvents - Received booted event for process requester"]
[11231][1600936833412][main][info]["Booting Postman 7.33.1, linux-5.3.0-64-generic on x64"]
[11231][1600936833415][main][info]["EventBus~initialize - Success"]
[11231][1600936833417][main][warn]["CloudProxyManager~init: Error while reading proxy configuration from user data - ",{"errno":-2,"code":"ENOENT","syscall":"open","path":"/home/qa-admin/snap/postman/126/.config/Postman/Postman_Config/proxy","name":"Error","message":"ENOENT: no such file or directory, open '/home/qa-admin/snap/postman/126/.config/Postman/Postman_Config/proxy'","stack":"Error: ENOENT: no such file or directory, open '/home/qa-admin/snap/postman/126/.config/Postman/Postman_Config/proxy'"}]
[11231][1600936833418][main][info]["CloudProxyManager~init - Success"]
[11231][1600936833423][main][info]["UpdateHandler~init - Success"]
[11231][1600936834326][main][info]["RuntimeIPCAgent~started: Success"]
[11231][1600936834652][main][info]["LinuxAutoUpdater~Cleanup - Initial cleanup successful"]
[11231][1600936834721][main][info]["Bootstrap-models~bootstrap - Success"]
[11231][1600936836212][main][info]["window-manager~newSharedWindow: Shell loaded"]
[11231][1600936840925][main][info]["Main~AppEvents - Received booted event for process shared"]
[11231][1600936843692][main][info]["Main~AppEvents - Received booted event for process requester"]
[23939][1601471210368][main][info]["Booting Postman 7.33.1, linux-5.3.0-64-generic on x64"]
[23939][1601471210372][main][info]["EventBus~initialize - Success"]
[23939][1601471210378][main][warn]["CloudProxyManager~init: Error while reading proxy configuration from user data - ",{"errno":-2,"code":"ENOENT","syscall":"open","path":"/home/qa-admin/snap/postman/126/.config/Postman/Postman_Config/proxy","name":"Error","message":"ENOENT: no such file or directory, open '/home/qa-admin/snap/postman/126/.config/Postman/Postman_Config/proxy'","stack":"Error: ENOENT: no such file or directory, open '/home/qa-admin/snap/postman/126/.config/Postman/Postman_Config/proxy'"}]
[23939][1601471210380][main][info]["CloudProxyManager~init - Success"]
[23939][1601471210388][main][info]["UpdateHandler~init - Success"]
[23939][1601471211499][main][info]["RuntimeIPCAgent~started: Success"]
[23939][1601471211895][main][info]["LinuxAutoUpdater~Cleanup - Initial cleanup successful"]
[23939][1601471211973][main][info]["Bootstrap-models~bootstrap - Success"]
[23939][1601471213518][main][info]["window-manager~newSharedWindow: Shell loaded"]
[23939][1601471219056][main][info]["Main~AppEvents - Received booted event for process shared"]
[23939][1601471222825][main][info]["Main~AppEvents - Received booted event for process requester"]
[23939][1601475104957][main][info]["WindowManager~closeHandler - Closed Window (id: 3 )"]
[23939][1601475105006][main][info]["Quitting app"]
[30075][1602795764993][main][info]["Booting Postman 7.34.0, linux-5.3.0-64-generic on x64"]
[30075][1602795764996][main][info]["EventBus~initialize - Success"]
[30075][1602795764998][main][warn]["CloudProxyManager~init: Error while reading proxy configuration from user data - ",{"errno":-2,"code":"ENOENT","syscall":"open","path":"/home/qa-admin/snap/postman/127/.config/Postman/Postman_Config/proxy","name":"Error","message":"ENOENT: no such file or directory, open '/home/qa-admin/snap/postman/127/.config/Postman/Postman_Config/proxy'","stack":"Error: ENOENT: no such file or directory, open '/home/qa-admin/snap/postman/127/.config/Postman/Postman_Config/proxy'"}]
[30075][1602795764999][main][info]["CloudProxyManager~init - Success"]
[30075][1602795765006][main][info]["UpdateHandler~init - Success"]
[30075][1602795766064][main][info]["RuntimeIPCAgent~started: Success"]
[30075][1602795766596][main][info]["LinuxAutoUpdater~Cleanup - Initial cleanup successful"]
[30075][1602795766687][main][info]["Bootstrap-models~bootstrap - Success"]
[30075][1602795768358][main][info]["window-manager~newSharedWindow: Shell loaded"]
[30075][1602795774307][main][info]["Main~AppEvents - Received booted event for process shared"]
[30075][1602795778250][main][info]["Main~AppEvents - Received booted event for process requester"]
[30075][1602797218632][main][info]["WindowManager~closeHandler - Closed Window (id: 3 )"]
[30075][1602797219623][main][info]["Quitting app"]
[22035][1602854037715][main][info]["Booting Postman 7.34.0, linux-5.3.0-64-generic on x64"]
[22035][1602854037717][main][info]["EventBus~initialize - Success"]
[22035][1602854037719][main][warn]["CloudProxyManager~init: Error while reading proxy configuration from user data - ",{"errno":-2,"code":"ENOENT","syscall":"open","path":"/home/qa-admin/snap/postman/127/.config/Postman/Postman_Config/proxy","name":"Error","message":"ENOENT: no such file or directory, open '/home/qa-admin/snap/postman/127/.config/Postman/Postman_Config/proxy'","stack":"Error: ENOENT: no such file or directory, open '/home/qa-admin/snap/postman/127/.config/Postman/Postman_Config/proxy'"}]
[22035][1602854037720][main][info]["CloudProxyManager~init - Success"]
[22035][1602854037724][main][info]["UpdateHandler~init - Success"]
[22035][1602854038456][main][info]["RuntimeIPCAgent~started: Success"]
[22035][1602854038739][main][info]["LinuxAutoUpdater~Cleanup - Initial cleanup successful"]
[22035][1602854038801][main][info]["Bootstrap-models~bootstrap - Success"]
[22035][1602854040041][main][info]["window-manager~newSharedWindow: Shell loaded"]
[22035][1602854043700][main][info]["Main~AppEvents - Received booted event for process shared"]
[22035][1602854046426][main][info]["Main~AppEvents - Received booted event for process requester"]
[9164][1603444703827][main][info]["Booting Postman 7.34.0, linux-5.3.0-64-generic on x64"]
[9164][1603444703830][main][info]["EventBus~initialize - Success"]
[9164][1603444703833][main][warn]["CloudProxyManager~init: Error while reading proxy configuration from user data - ",{"errno":-2,"code":"ENOENT","syscall":"open","path":"/home/qa-admin/snap/postman/127/.config/Postman/Postman_Config/proxy","name":"Error","message":"ENOENT: no such file or directory, open '/home/qa-admin/snap/postman/127/.config/Postman/Postman_Config/proxy'","stack":"Error: ENOENT: no such file or directory, open '/home/qa-admin/snap/postman/127/.config/Postman/Postman_Config/proxy'"}]
[9164][1603444703834][main][info]["CloudProxyManager~init - Success"]
[9164][1603444703841][main][info]["UpdateHandler~init - Success"]
[9164][1603444704830][main][info]["RuntimeIPCAgent~started: Success"]
[9164][1603444705185][main][info]["LinuxAutoUpdater~Cleanup - Initial cleanup successful"]
[9164][1603444705282][main][info]["Bootstrap-models~bootstrap - Success"]
[9164][1603444706792][main][info]["window-manager~newSharedWindow: Shell loaded"]
[9164][1603444712209][main][info]["Main~AppEvents - Received booted event for process shared"]
[9164][1603444716086][main][info]["Main~AppEvents - Received booted event for process requester"]
[4762][1603448181253][main][info]["Booting Postman 7.34.0, linux-5.3.0-64-generic on x64"]
[4762][1603448181261][main][info]["EventBus~initialize - Success"]
[4762][1603448181265][main][warn]["CloudProxyManager~init: Error while reading proxy configuration from user data - ",{"errno":-2,"code":"ENOENT","syscall":"open","path":"/home/qa-admin/snap/postman/127/.config/Postman/Postman_Config/proxy","name":"Error","message":"ENOENT: no such file or directory, open '/home/qa-admin/snap/postman/127/.config/Postman/Postman_Config/proxy'","stack":"Error: ENOENT: no such file or directory, open '/home/qa-admin/snap/postman/127/.config/Postman/Postman_Config/proxy'"}]
[4762][1603448181267][main][info]["CloudProxyManager~init - Success"]
[4762][1603448181276][main][info]["UpdateHandler~init - Success"]
[4762][1603448182357][main][info]["RuntimeIPCAgent~started: Success"]
[4762][1603448182758][main][info]["LinuxAutoUpdater~Cleanup - Initial cleanup successful"]
[4762][1603448182862][main][info]["Bootstrap-models~bootstrap - Success"]
[4762][1603448184490][main][info]["window-manager~newSharedWindow: Shell loaded"]
[4762][1603448190019][main][info]["Main~AppEvents - Received booted event for process shared"]
[4762][1603448193720][main][info]["Main~AppEvents - Received booted event for process requester"]
[5697][1603487509684][main][info]["Booting Postman 7.34.0, linux-5.3.0-64-generic on x64"]
[5697][1603487509688][main][info]["EventBus~initialize - Success"]
[5697][1603487509693][main][warn]["CloudProxyManager~init: Error while reading proxy configuration from user data - ",{"errno":-2,"code":"ENOENT","syscall":"open","path":"/home/qa-admin/snap/postman/127/.config/Postman/Postman_Config/proxy","name":"Error","message":"ENOENT: no such file or directory, open '/home/qa-admin/snap/postman/127/.config/Postman/Postman_Config/proxy'","stack":"Error: ENOENT: no such file or directory, open '/home/qa-admin/snap/postman/127/.config/Postman/Postman_Config/proxy'"}]
[5697][1603487509702][main][info]["CloudProxyManager~init - Success"]
[5697][1603487509716][main][info]["UpdateHandler~init - Success"]
[5697][1603487510657][main][info]["RuntimeIPCAgent~started: Success"]
[5697][1603487511006][main][info]["LinuxAutoUpdater~Cleanup - Initial cleanup successful"]
[5697][1603487511067][main][info]["Bootstrap-models~bootstrap - Success"]
[5697][1603487512519][main][info]["window-manager~newSharedWindow: Shell loaded"]
[5697][1603487517975][main][info]["Main~AppEvents - Received booted event for process shared"]
[5697][1603487521771][main][info]["Main~AppEvents - Received booted event for process requester"]
[5697][1603490747698][main][info]["WindowManager~closeHandler - Closed Window (id: 3 )"]
[5697][1603490748266][main][info]["Quitting app"]
[7184][1603650757002][main][info]["Booting Postman 7.34.0, linux-5.3.0-64-generic on x64"]
[7184][1603650757005][main][info]["EventBus~initialize - Success"]
[7184][1603650757006][main][warn]["CloudProxyManager~init: Error while reading proxy configuration from user data - ",{"errno":-2,"code":"ENOENT","syscall":"open","path":"/home/qa-admin/snap/postman/127/.config/Postman/Postman_Config/proxy","name":"Error","message":"ENOENT: no such file or directory, open '/home/qa-admin/snap/postman/127/.config/Postman/Postman_Config/proxy'","stack":"Error: ENOENT: no such file or directory, open '/home/qa-admin/snap/postman/127/.config/Postman/Postman_Config/proxy'"}]
[7184][1603650757007][main][info]["CloudProxyManager~init - Success"]
[7184][1603650757011][main][info]["UpdateHandler~init - Success"]
[7184][1603650757852][main][info]["RuntimeIPCAgent~started: Success"]
[7184][1603650758239][main][info]["LinuxAutoUpdater~Cleanup - Initial cleanup successful"]
[7184][1603650758265][main][info]["Bootstrap-models~bootstrap - Success"]
[7184][1603650759465][main][info]["window-manager~newSharedWindow: Shell loaded"]
[7184][1603650762926][main][info]["Main~AppEvents - Received booted event for process shared"]
[7184][1603650765361][main][info]["Main~AppEvents - Received booted event for process requester"]
[7184][1603653113143][main][info]["WindowManager~closeHandler - Closed Window (id: 3 )"]
[7184][1603653113989][main][info]["Quitting app"]
[9259][1603802319824][main][info]["Booting Postman 7.34.0, linux-5.3.0-64-generic on x64"]
[9259][1603802319826][main][info]["EventBus~initialize - Success"]
[9259][1603802319834][main][warn]["CloudProxyManager~init: Error while reading proxy configuration from user data - ",{"errno":-2,"code":"ENOENT","syscall":"open","path":"/home/qa-admin/snap/postman/127/.config/Postman/Postman_Config/proxy","name":"Error","message":"ENOENT: no such file or directory, open '/home/qa-admin/snap/postman/127/.config/Postman/Postman_Config/proxy'","stack":"Error: ENOENT: no such file or directory, open '/home/qa-admin/snap/postman/127/.config/Postman/Postman_Config/proxy'"}]
[9259][1603802319835][main][info]["CloudProxyManager~init - Success"]
[9259][1603802319840][main][info]["UpdateHandler~init - Success"]
[9259][1603802320609][main][info]["RuntimeIPCAgent~started: Success"]
[9259][1603802320918][main][info]["LinuxAutoUpdater~Cleanup - Initial cleanup successful"]
[9259][1603802320997][main][info]["Bootstrap-models~bootstrap - Success"]
[9259][1603802322305][main][info]["window-manager~newSharedWindow: Shell loaded"]
[9259][1603802325943][main][info]["Main~AppEvents - Received booted event for process shared"]
[9259][1603802328095][main][info]["WindowManager~closeHandler - Closed Window (id: 3 )"]
[9259][1603802328110][main][info]["Quitting app"]
[5711][1603963673027][main][info]["Booting Postman 7.35.0, linux-5.3.0-64-generic on x64"]
[5711][1603963673031][main][info]["EventBus~initialize - Success"]
[5711][1603963673034][main][warn]["CloudProxyManager~init: Error while reading proxy configuration from user data - ",{"errno":-2,"code":"ENOENT","syscall":"open","path":"/home/qa-admin/snap/postman/128/.config/Postman/Postman_Config/proxy","name":"Error","message":"ENOENT: no such file or directory, open '/home/qa-admin/snap/postman/128/.config/Postman/Postman_Config/proxy'","stack":"Error: ENOENT: no such file or directory, open '/home/qa-admin/snap/postman/128/.config/Postman/Postman_Config/proxy'"}]
[5711][1603963673036][main][info]["CloudProxyManager~init - Success"]
[5711][1603963673046][main][info]["UpdateHandler~init - Success"]
[5711][1603963674116][main][info]["RuntimeIPCAgent~started: Success"]
[5711][1603963674517][main][info]["LinuxAutoUpdater~Cleanup - Initial cleanup successful"]
[5711][1603963674617][main][info]["Bootstrap-models~bootstrap - Success"]
[5711][1603963676282][main][info]["window-manager~newSharedWindow: Shell loaded"]
[5711][1603963682757][main][info]["Main~AppEvents - Received booted event for process shared"]
[5711][1603963687099][main][info]["Main~AppEvents - Received booted event for process requester"]
[13663][1604009214101][main][info]["Booting Postman 7.35.0, linux-5.3.0-64-generic on x64"]
[13663][1604009214105][main][info]["EventBus~initialize - Success"]
[13663][1604009214108][main][warn]["CloudProxyManager~init: Error while reading proxy configuration from user data - ",{"errno":-2,"code":"ENOENT","syscall":"open","path":"/home/qa-admin/snap/postman/128/.config/Postman/Postman_Config/proxy","name":"Error","message":"ENOENT: no such file or directory, open '/home/qa-admin/snap/postman/128/.config/Postman/Postman_Config/proxy'","stack":"Error: ENOENT: no such file or directory, open '/home/qa-admin/snap/postman/128/.config/Postman/Postman_Config/proxy'"}]
[13663][1604009214110][main][info]["CloudProxyManager~init - Success"]
[13663][1604009214117][main][info]["UpdateHandler~init - Success"]
[13663][1604009214837][main][info]["RuntimeIPCAgent~started: Success"]
[13663][1604009215462][main][info]["LinuxAutoUpdater~Cleanup - Initial cleanup successful"]
[13663][1604009215671][main][info]["Bootstrap-models~bootstrap - Success"]
[13663][1604009217294][main][info]["window-manager~newSharedWindow: Shell loaded"]
[13663][1604009222430][main][info]["Main~AppEvents - Received booted event for process shared"]
[13663][1604009227844][main][info]["Main~AppEvents - Received booted event for process requester"]
[13663][1604010498376][main][info]["WindowManager~closeHandler - Closed Window (id: 3 )"]
[13663][1604010499276][main][info]["Quitting app"]
[6628][1604067159258][main][info]["Booting Postman 7.35.0, linux-5.3.0-64-generic on x64"]
[6628][1604067159261][main][info]["EventBus~initialize - Success"]
[6628][1604067159264][main][warn]["CloudProxyManager~init: Error while reading proxy configuration from user data - ",{"errno":-2,"code":"ENOENT","syscall":"open","path":"/home/qa-admin/snap/postman/128/.config/Postman/Postman_Config/proxy","name":"Error","message":"ENOENT: no such file or directory, open '/home/qa-admin/snap/postman/128/.config/Postman/Postman_Config/proxy'","stack":"Error: ENOENT: no such file or directory, open '/home/qa-admin/snap/postman/128/.config/Postman/Postman_Config/proxy'"}]
[6628][1604067159265][main][info]["CloudProxyManager~init - Success"]
[6628][1604067159272][main][info]["UpdateHandler~init - Success"]
[6628][1604067160093][main][info]["RuntimeIPCAgent~started: Success"]
[6628][1604067160640][main][info]["LinuxAutoUpdater~Cleanup - Initial cleanup successful"]
[6628][1604067160782][main][info]["Bootstrap-models~bootstrap - Success"]
[6628][1604067162579][main][info]["window-manager~newSharedWindow: Shell loaded"]
[6628][1604067168564][main][info]["Main~AppEvents - Received booted event for process shared"]
[6628][1604067174678][main][info]["Main~AppEvents - Received booted event for process requester"]
[19265][1604332074126][main][info]["Booting Postman 7.35.0, linux-5.3.0-64-generic on x64"]
[19265][1604332074129][main][info]["EventBus~initialize - Success"]
[19265][1604332074131][main][warn]["CloudProxyManager~init: Error while reading proxy configuration from user data - ",{"errno":-2,"code":"ENOENT","syscall":"open","path":"/home/qa-admin/snap/postman/128/.config/Postman/Postman_Config/proxy","name":"Error","message":"ENOENT: no such file or directory, open '/home/qa-admin/snap/postman/128/.config/Postman/Postman_Config/proxy'","stack":"Error: ENOENT: no such file or directory, open '/home/qa-admin/snap/postman/128/.config/Postman/Postman_Config/proxy'"}]
[19265][1604332074132][main][info]["CloudProxyManager~init - Success"]
[19265][1604332074136][main][info]["UpdateHandler~init - Success"]
[19265][1604332074735][main][info]["RuntimeIPCAgent~started: Success"]
[19265][1604332075026][main][info]["LinuxAutoUpdater~Cleanup - Initial cleanup successful"]
[19265][1604332075086][main][info]["Bootstrap-models~bootstrap - Success"]
[19265][1604332076911][main][info]["window-manager~newSharedWindow: Shell loaded"]
[19265][1604332081650][main][info]["Main~AppEvents - Received booted event for process shared"]
[19265][1604332084803][main][info]["Main~AppEvents - Received booted event for process requester"]
[5524][1604350283499][main][info]["Booting Postman 7.35.0, linux-5.3.0-64-generic on x64"]
[5524][1604350283503][main][info]["EventBus~initialize - Success"]
[5524][1604350283505][main][warn]["CloudProxyManager~init: Error while reading proxy configuration from user data - ",{"errno":-2,"code":"ENOENT","syscall":"open","path":"/home/qa-admin/snap/postman/128/.config/Postman/Postman_Config/proxy","name":"Error","message":"ENOENT: no such file or directory, open '/home/qa-admin/snap/postman/128/.config/Postman/Postman_Config/proxy'","stack":"Error: ENOENT: no such file or directory, open '/home/qa-admin/snap/postman/128/.config/Postman/Postman_Config/proxy'"}]
[5524][1604350283507][main][info]["CloudProxyManager~init - Success"]
[5524][1604350283514][main][info]["UpdateHandler~init - Success"]
[5524][1604350284358][main][info]["RuntimeIPCAgent~started: Success"]
[5524][1604350284699][main][info]["LinuxAutoUpdater~Cleanup - Initial cleanup successful"]
[5524][1604350284780][main][info]["Bootstrap-models~bootstrap - Success"]
[5524][1604350286211][main][info]["window-manager~newSharedWindow: Shell loaded"]
[5524][1604350290996][main][info]["Main~AppEvents - Received booted event for process shared"]
[5524][1604350294725][main][info]["Main~AppEvents - Received booted event for process requester"]
[5524][1604352723884][main][info]["WindowManager~closeHandler - Closed Window (id: 3 )"]
[5524][1604352725138][main][info]["Quitting app"]
[13828][1605308653517][main][info]["Booting Postman 7.35.0, linux-5.4.0-53-generic on x64"]
[13828][1605308653543][main][info]["EventBus~initialize - Success"]
[13828][1605308653570][main][warn]["CloudProxyManager~init: Error while reading proxy configuration from user data - ",{"errno":-2,"code":"ENOENT","syscall":"open","path":"/home/qa-admin/snap/postman/128/.config/Postman/Postman_Config/proxy","name":"Error","message":"ENOENT: no such file or directory, open '/home/qa-admin/snap/postman/128/.config/Postman/Postman_Config/proxy'","stack":"Error: ENOENT: no such file or directory, open '/home/qa-admin/snap/postman/128/.config/Postman/Postman_Config/proxy'"}]
[13828][1605308653571][main][info]["CloudProxyManager~init - Success"]
[13828][1605308653657][main][info]["UpdateHandler~init - Success"]
[13828][1605308656428][main][info]["RuntimeIPCAgent~started: Success"]
[13828][1605308660027][main][info]["LinuxAutoUpdater~Cleanup - Initial cleanup successful"]
[13828][1605308661167][main][info]["Bootstrap-models~bootstrap - Success"]
[13828][1605308669504][main][info]["window-manager~newSharedWindow: Shell loaded"]
[8648][1605609809317][main][info]["Booting Postman 7.35.0, linux-5.4.0-53-generic on x64"]
[8648][1605609809322][main][info]["EventBus~initialize - Success"]
[8648][1605609809328][main][warn]["CloudProxyManager~init: Error while reading proxy configuration from user data - ",{"errno":-2,"code":"ENOENT","syscall":"open","path":"/home/qa-admin/snap/postman/128/.config/Postman/Postman_Config/proxy","name":"Error","message":"ENOENT: no such file or directory, open '/home/qa-admin/snap/postman/128/.config/Postman/Postman_Config/proxy'","stack":"Error: ENOENT: no such file or directory, open '/home/qa-admin/snap/postman/128/.config/Postman/Postman_Config/proxy'"}]
[8648][1605609809329][main][info]["CloudProxyManager~init - Success"]
[8648][1605609809337][main][info]["UpdateHandler~init - Success"]
[8648][1605609810297][main][info]["RuntimeIPCAgent~started: Success"]
[8648][1605609810691][main][info]["LinuxAutoUpdater~Cleanup - Initial cleanup successful"]
[8648][1605609810778][main][info]["Bootstrap-models~bootstrap - Success"]
[8648][1605609812356][main][info]["window-manager~newSharedWindow: Shell loaded"]
[8648][1605609817981][main][info]["Main~AppEvents - Received booted event for process shared"]
[8648][1605609821948][main][info]["Main~AppEvents - Received booted event for process requester"]
[4208][1605618577730][main][info]["Booting Postman 7.35.0, linux-5.4.0-53-generic on x64"]
[4208][1605618577733][main][info]["EventBus~initialize - Success"]
[4208][1605618577762][main][warn]["CloudProxyManager~init: Error while reading proxy configuration from user data - ",{"errno":-2,"code":"ENOENT","syscall":"open","path":"/home/qa-admin/snap/postman/128/.config/Postman/Postman_Config/proxy","name":"Error","message":"ENOENT: no such file or directory, open '/home/qa-admin/snap/postman/128/.config/Postman/Postman_Config/proxy'","stack":"Error: ENOENT: no such file or directory, open '/home/qa-admin/snap/postman/128/.config/Postman/Postman_Config/proxy'"}]
[4208][1605618577763][main][info]["CloudProxyManager~init - Success"]
[4208][1605618577768][main][info]["UpdateHandler~init - Success"]
[4208][1605618578446][main][info]["RuntimeIPCAgent~started: Success"]
[4208][1605618578758][main][info]["LinuxAutoUpdater~Cleanup - Initial cleanup successful"]
[4208][1605618578849][main][info]["Bootstrap-models~bootstrap - Success"]
[4208][1605618580126][main][info]["window-manager~newSharedWindow: Shell loaded"]
[4208][1605618584627][main][info]["Main~AppEvents - Received booted event for process shared"]
[4208][1605618588562][main][info]["Main~AppEvents - Received booted event for process requester"]
[4208][1605631842116][main][info]["WindowManager~closeHandler - Closed Window (id: 3 )"]
[4208][1605631843097][main][info]["Quitting app"]
[10135][1605692776959][main][info]["Booting Postman 7.35.0, linux-5.4.0-53-generic on x64"]
[10135][1605692776963][main][info]["EventBus~initialize - Success"]
[10135][1605692776965][main][warn]["CloudProxyManager~init: Error while reading proxy configuration from user data - ",{"errno":-2,"code":"ENOENT","syscall":"open","path":"/home/qa-admin/snap/postman/128/.config/Postman/Postman_Config/proxy","name":"Error","message":"ENOENT: no such file or directory, open '/home/qa-admin/snap/postman/128/.config/Postman/Postman_Config/proxy'","stack":"Error: ENOENT: no such file or directory, open '/home/qa-admin/snap/postman/128/.config/Postman/Postman_Config/proxy'"}]
[10135][1605692776966][main][info]["CloudProxyManager~init - Success"]
[10135][1605692776973][main][info]["UpdateHandler~init - Success"]
[10135][1605692778146][main][info]["RuntimeIPCAgent~started: Success"]
[10135][1605692779012][main][info]["LinuxAutoUpdater~Cleanup - Initial cleanup successful"]
[10135][1605692779132][main][info]["Bootstrap-models~bootstrap - Success"]
[10135][1605692780883][main][info]["window-manager~newSharedWindow: Shell loaded"]
[10135][1605692788529][main][info]["Main~AppEvents - Received booted event for process shared"]
[10135][1605692798703][main][info]["Main~AppEvents - Received booted event for process requester"]
