[20951][1598451559242][shell][info]["EventBus~initialize - Success"]
[20951][1598451559287][shell][info]["bootShellCrashReporter~ Success"]
[20951][1598451559288][shell][info]["shellController~init: Success"]
[20951][1598451559288][shell][info]["shellMeta~init: Success"]
[20951][1598451559302][shell][info]["init~setViewAttributes - Initializing view with opts:",{"devtools":false,"id":2,"startTime":1598451557878,"type":"shared","partitionId":"default"}]
[20951][1598451559303][shell][info]["init~setViewAttributes - Success"]
[20951][1598451564793][shell][info]["EventBus~initialize - Success"]
[20951][1598451564802][shell][info]["bootShellCrashReporter~ Success"]
[20951][1598451564804][shell][info]["shellController~init: Success"]
[20951][1598451564805][shell][info]["shellMeta~init: Success"]
[20951][1598451564819][shell][info]["init~setViewAttributes - Initializing view with opts:",{"allIds":[4],"devtools":false,"id":4,"primaryId":4,"startTime":1598451564292,"type":"requester","partitionId":"default"}]
[20951][1598451564820][shell][info]["init~setViewAttributes - Success"]
[5966][1598511198447][shell][info]["EventBus~initialize - Success"]
[5966][1598511198498][shell][info]["bootShellCrashReporter~ Success"]
[5966][1598511198500][shell][info]["shellController~init: Success"]
[5966][1598511198500][shell][info]["shellMeta~init: Success"]
[5966][1598511198520][shell][info]["init~setViewAttributes - Initializing view with opts:",{"devtools":false,"id":2,"startTime":1598511196937,"type":"shared","partitionId":"default"}]
[5966][1598511198521][shell][info]["init~setViewAttributes - Success"]
[5966][1598511203469][shell][info]["EventBus~initialize - Success"]
[5966][1598511203480][shell][info]["bootShellCrashReporter~ Success"]
[5966][1598511203481][shell][info]["shellController~init: Success"]
[5966][1598511203482][shell][info]["shellMeta~init: Success"]
[5966][1598511203501][shell][info]["init~setViewAttributes - Initializing view with opts:",{"allIds":[3],"devtools":false,"id":3,"primaryId":3,"startTime":1598511203039,"type":"requester","partitionId":"default"}]
[5966][1598511203502][shell][info]["init~setViewAttributes - Success"]
[13131][1598616679753][shell][info]["EventBus~initialize - Success"]
[13131][1598616679802][shell][info]["bootShellCrashReporter~ Success"]
[13131][1598616679804][shell][info]["shellController~init: Success"]
[13131][1598616679804][shell][info]["shellMeta~init: Success"]
[13131][1598616679829][shell][info]["init~setViewAttributes - Initializing view with opts:",{"devtools":false,"id":2,"startTime":1598616678180,"type":"shared","partitionId":"default"}]
[13131][1598616679830][shell][info]["init~setViewAttributes - Success"]
[13131][1598616685958][shell][info]["EventBus~initialize - Success"]
[13131][1598616685969][shell][info]["bootShellCrashReporter~ Success"]
[13131][1598616685972][shell][info]["shellController~init: Success"]
[13131][1598616685972][shell][info]["shellMeta~init: Success"]
[13131][1598616685992][shell][info]["init~setViewAttributes - Initializing view with opts:",{"allIds":[3],"devtools":false,"id":3,"primaryId":3,"startTime":1598616685141,"type":"requester","partitionId":"default"}]
[13131][1598616685994][shell][info]["init~setViewAttributes - Success"]
[2369][1598836750698][shell][info]["EventBus~initialize - Success"]
[2369][1598836750752][shell][info]["bootShellCrashReporter~ Success"]
[2369][1598836750755][shell][info]["shellController~init: Success"]
[2369][1598836750755][shell][info]["shellMeta~init: Success"]
[2369][1598836750776][shell][info]["init~setViewAttributes - Initializing view with opts:",{"devtools":false,"id":2,"startTime":1598836749129,"type":"shared","partitionId":"default"}]
[2369][1598836750778][shell][info]["init~setViewAttributes - Success"]
[2369][1598836755579][shell][info]["EventBus~initialize - Success"]
[2369][1598836755590][shell][info]["bootShellCrashReporter~ Success"]
[2369][1598836755592][shell][info]["shellController~init: Success"]
[2369][1598836755592][shell][info]["shellMeta~init: Success"]
[2369][1598836755612][shell][info]["init~setViewAttributes - Initializing view with opts:",{"allIds":[3],"devtools":false,"id":3,"primaryId":3,"startTime":1598836755217,"type":"requester","partitionId":"default"}]
[2369][1598836755613][shell][info]["init~setViewAttributes - Success"]
[5741][1598950892557][shell][info]["EventBus~initialize - Success"]
[5741][1598950892609][shell][info]["bootShellCrashReporter~ Success"]
[5741][1598950892611][shell][info]["shellController~init: Success"]
[5741][1598950892611][shell][info]["shellMeta~init: Success"]
[5741][1598950892629][shell][info]["init~setViewAttributes - Initializing view with opts:",{"devtools":false,"id":2,"startTime":1598950891124,"type":"shared","partitionId":"default"}]
[5741][1598950892630][shell][info]["init~setViewAttributes - Success"]
[5741][1598950896606][shell][info]["EventBus~initialize - Success"]
[5741][1598950896614][shell][info]["bootShellCrashReporter~ Success"]
[5741][1598950896615][shell][info]["shellController~init: Success"]
[5741][1598950896616][shell][info]["shellMeta~init: Success"]
[5741][1598950896629][shell][info]["init~setViewAttributes - Initializing view with opts:",{"allIds":[3],"devtools":false,"id":3,"primaryId":3,"startTime":1598950896307,"type":"requester","partitionId":"default"}]
[5741][1598950896630][shell][info]["init~setViewAttributes - Success"]
[4816][1599120935148][shell][info]["EventBus~initialize - Success"]
[4816][1599120935196][shell][info]["bootShellCrashReporter~ Success"]
[4816][1599120935198][shell][info]["shellController~init: Success"]
[4816][1599120935199][shell][info]["shellMeta~init: Success"]
[4816][1599120935220][shell][info]["init~setViewAttributes - Initializing view with opts:",{"devtools":false,"id":2,"startTime":1599120933538,"type":"shared","partitionId":"default"}]
[4816][1599120935222][shell][info]["init~setViewAttributes - Success"]
[4816][1599120940382][shell][info]["EventBus~initialize - Success"]
[4816][1599120940393][shell][info]["bootShellCrashReporter~ Success"]
[4816][1599120940395][shell][info]["shellController~init: Success"]
[4816][1599120940395][shell][info]["shellMeta~init: Success"]
[4816][1599120940414][shell][info]["init~setViewAttributes - Initializing view with opts:",{"allIds":[3],"devtools":false,"id":3,"primaryId":3,"startTime":1599120940009,"type":"requester","partitionId":"default"}]
[4816][1599120940416][shell][info]["init~setViewAttributes - Success"]
[14445][1599169194703][shell][info]["EventBus~initialize - Success"]
[14445][1599169194759][shell][info]["bootShellCrashReporter~ Success"]
[14445][1599169194761][shell][info]["shellController~init: Success"]
[14445][1599169194762][shell][info]["shellMeta~init: Success"]
[14445][1599169194777][shell][info]["init~setViewAttributes - Initializing view with opts:",{"devtools":false,"id":2,"startTime":1599169193346,"type":"shared","partitionId":"default"}]
[14445][1599169194779][shell][info]["init~setViewAttributes - Success"]
[14445][1599169198225][shell][info]["EventBus~initialize - Success"]
[14445][1599169198235][shell][info]["bootShellCrashReporter~ Success"]
[14445][1599169198236][shell][info]["shellController~init: Success"]
[14445][1599169198237][shell][info]["shellMeta~init: Success"]
[14445][1599169198251][shell][info]["init~setViewAttributes - Initializing view with opts:",{"allIds":[3],"devtools":false,"id":3,"primaryId":3,"startTime":1599169197931,"type":"requester","partitionId":"default"}]
[14445][1599169198252][shell][info]["init~setViewAttributes - Success"]
[11343][1599473416610][shell][info]["EventBus~initialize - Success"]
[11343][1599473416666][shell][info]["bootShellCrashReporter~ Success"]
[11343][1599473416669][shell][info]["shellController~init: Success"]
[11343][1599473416669][shell][info]["shellMeta~init: Success"]
[11343][1599473416691][shell][info]["init~setViewAttributes - Initializing view with opts:",{"devtools":false,"id":2,"startTime":1599473415043,"type":"shared","partitionId":"default"}]
[11343][1599473416693][shell][info]["init~setViewAttributes - Success"]
[11343][1599473422155][shell][info]["EventBus~initialize - Success"]
[11343][1599473422166][shell][info]["bootShellCrashReporter~ Success"]
[11343][1599473422168][shell][info]["shellController~init: Success"]
[11343][1599473422169][shell][info]["shellMeta~init: Success"]
[11343][1599473422188][shell][info]["init~setViewAttributes - Initializing view with opts:",{"allIds":[3],"devtools":false,"id":3,"primaryId":3,"startTime":1599473421775,"type":"requester","partitionId":"default"}]
[11343][1599473422189][shell][info]["init~setViewAttributes - Success"]
[5952][1599640792324][shell][info]["EventBus~initialize - Success"]
[5952][1599640792372][shell][info]["bootShellCrashReporter~ Success"]
[5952][1599640792374][shell][info]["shellController~init: Success"]
[5952][1599640792374][shell][info]["shellMeta~init: Success"]
[5952][1599640792394][shell][info]["init~setViewAttributes - Initializing view with opts:",{"devtools":false,"id":2,"startTime":1599640790754,"type":"shared","partitionId":"default"}]
[5952][1599640792396][shell][info]["init~setViewAttributes - Success"]
[5952][1599640797435][shell][info]["EventBus~initialize - Success"]
[5952][1599640797449][shell][info]["bootShellCrashReporter~ Success"]
[5952][1599640797452][shell][info]["shellController~init: Success"]
[5952][1599640797452][shell][info]["shellMeta~init: Success"]
[5952][1599640797472][shell][info]["init~setViewAttributes - Initializing view with opts:",{"allIds":[3],"devtools":false,"id":3,"primaryId":3,"startTime":1599640797077,"type":"requester","partitionId":"default"}]
[5952][1599640797474][shell][info]["init~setViewAttributes - Success"]
[10099][1600090028272][shell][info]["EventBus~initialize - Success"]
[10099][1600090028305][shell][info]["bootShellCrashReporter~ Success"]
[10099][1600090028306][shell][info]["shellController~init: Success"]
[10099][1600090028306][shell][info]["shellMeta~init: Success"]
[10099][1600090028319][shell][info]["init~setViewAttributes - Initializing view with opts:",{"devtools":false,"id":2,"startTime":1600090026921,"type":"shared","partitionId":"default"}]
[10099][1600090028320][shell][info]["init~setViewAttributes - Success"]
[10099][1600090032918][shell][info]["EventBus~initialize - Success"]
[10099][1600090032925][shell][info]["bootShellCrashReporter~ Success"]
[10099][1600090032927][shell][info]["shellController~init: Success"]
[10099][1600090032927][shell][info]["shellMeta~init: Success"]
[10099][1600090032940][shell][info]["init~setViewAttributes - Initializing view with opts:",{"allIds":[3],"devtools":false,"id":3,"primaryId":3,"startTime":1600090032626,"type":"requester","partitionId":"default"}]
[10099][1600090032941][shell][info]["init~setViewAttributes - Success"]
[9225][1600907735354][shell][info]["EventBus~initialize - Success"]
[9225][1600907735403][shell][info]["bootShellCrashReporter~ Success"]
[9225][1600907735405][shell][info]["shellController~init: Success"]
[9225][1600907735405][shell][info]["shellMeta~init: Success"]
[9225][1600907735425][shell][info]["init~setViewAttributes - Initializing view with opts:",{"devtools":false,"id":2,"startTime":1600907733784,"type":"shared","partitionId":"default"}]
[9225][1600907735427][shell][info]["init~setViewAttributes - Success"]
[9225][1600907741400][shell][info]["EventBus~initialize - Success"]
[9225][1600907741410][shell][info]["bootShellCrashReporter~ Success"]
[9225][1600907741412][shell][info]["shellController~init: Success"]
[9225][1600907741413][shell][info]["shellMeta~init: Success"]
[9225][1600907741432][shell][info]["init~setViewAttributes - Initializing view with opts:",{"allIds":[3],"devtools":false,"id":3,"primaryId":3,"startTime":1600907740630,"type":"requester","partitionId":"default"}]
[9225][1600907741433][shell][info]["init~setViewAttributes - Success"]
[11231][1600936836139][shell][info]["EventBus~initialize - Success"]
[11231][1600936836196][shell][info]["bootShellCrashReporter~ Success"]
[11231][1600936836198][shell][info]["shellController~init: Success"]
[11231][1600936836198][shell][info]["shellMeta~init: Success"]
[11231][1600936836220][shell][info]["init~setViewAttributes - Initializing view with opts:",{"devtools":false,"id":2,"startTime":1600936834553,"type":"shared","partitionId":"default"}]
[11231][1600936836222][shell][info]["init~setViewAttributes - Success"]
[11231][1600936841285][shell][info]["EventBus~initialize - Success"]
[11231][1600936841293][shell][info]["bootShellCrashReporter~ Success"]
[11231][1600936841295][shell][info]["shellController~init: Success"]
[11231][1600936841296][shell][info]["shellMeta~init: Success"]
[11231][1600936841313][shell][info]["init~setViewAttributes - Initializing view with opts:",{"allIds":[3],"devtools":false,"id":3,"primaryId":3,"startTime":1600936840964,"type":"requester","partitionId":"default"}]
[11231][1600936841314][shell][info]["init~setViewAttributes - Success"]
[23939][1601471213452][shell][info]["EventBus~initialize - Success"]
[23939][1601471213501][shell][info]["bootShellCrashReporter~ Success"]
[23939][1601471213503][shell][info]["shellController~init: Success"]
[23939][1601471213504][shell][info]["shellMeta~init: Success"]
[23939][1601471213528][shell][info]["init~setViewAttributes - Initializing view with opts:",{"devtools":false,"id":2,"startTime":1601471211777,"type":"shared","partitionId":"default"}]
[23939][1601471213530][shell][info]["init~setViewAttributes - Success"]
[23939][1601471219799][shell][info]["EventBus~initialize - Success"]
[23939][1601471219810][shell][info]["bootShellCrashReporter~ Success"]
[23939][1601471219812][shell][info]["shellController~init: Success"]
[23939][1601471219812][shell][info]["shellMeta~init: Success"]
[23939][1601471219831][shell][info]["init~setViewAttributes - Initializing view with opts:",{"allIds":[3],"devtools":false,"id":3,"primaryId":3,"startTime":1601471219096,"type":"requester","partitionId":"default"}]
[23939][1601471219832][shell][info]["init~setViewAttributes - Success"]
[30075][1602795768282][shell][info]["EventBus~initialize - Success"]
[30075][1602795768343][shell][info]["bootShellCrashReporter~ Success"]
[30075][1602795768345][shell][info]["shellController~init: Success"]
[30075][1602795768345][shell][info]["shellMeta~init: Success"]
[30075][1602795768367][shell][info]["init~setViewAttributes - Initializing view with opts:",{"devtools":false,"id":2,"startTime":1602795766487,"type":"shared","partitionId":"default"}]
[30075][1602795768369][shell][info]["init~setViewAttributes - Success"]
[30075][1602795774831][shell][info]["EventBus~initialize - Success"]
[30075][1602795774845][shell][info]["bootShellCrashReporter~ Success"]
[30075][1602795774847][shell][info]["shellController~init: Success"]
[30075][1602795774847][shell][info]["shellMeta~init: Success"]
[30075][1602795774867][shell][info]["init~setViewAttributes - Initializing view with opts:",{"allIds":[3],"devtools":false,"id":3,"primaryId":3,"startTime":1602795774352,"type":"requester","partitionId":"default"}]
[30075][1602795774869][shell][info]["init~setViewAttributes - Success"]
[22035][1602854039975][shell][info]["EventBus~initialize - Success"]
[22035][1602854040026][shell][info]["bootShellCrashReporter~ Success"]
[22035][1602854040028][shell][info]["shellController~init: Success"]
[22035][1602854040028][shell][info]["shellMeta~init: Success"]
[22035][1602854040049][shell][info]["init~setViewAttributes - Initializing view with opts:",{"devtools":false,"id":2,"startTime":1602854038652,"type":"shared","partitionId":"default"}]
[22035][1602854040050][shell][info]["init~setViewAttributes - Success"]
[22035][1602854044353][shell][info]["EventBus~initialize - Success"]
[22035][1602854044363][shell][info]["bootShellCrashReporter~ Success"]
[22035][1602854044364][shell][info]["shellController~init: Success"]
[22035][1602854044365][shell][info]["shellMeta~init: Success"]
[22035][1602854044376][shell][info]["init~setViewAttributes - Initializing view with opts:",{"allIds":[3],"devtools":false,"id":3,"primaryId":3,"startTime":1602854043767,"type":"requester","partitionId":"default"}]
[22035][1602854044377][shell][info]["init~setViewAttributes - Success"]
[9164][1603444706727][shell][info]["EventBus~initialize - Success"]
[9164][1603444706776][shell][info]["bootShellCrashReporter~ Success"]
[9164][1603444706778][shell][info]["shellController~init: Success"]
[9164][1603444706778][shell][info]["shellMeta~init: Success"]
[9164][1603444706800][shell][info]["init~setViewAttributes - Initializing view with opts:",{"devtools":false,"id":2,"startTime":1603444705088,"type":"shared","partitionId":"default"}]
[9164][1603444706802][shell][info]["init~setViewAttributes - Success"]
[9164][1603444713063][shell][info]["EventBus~initialize - Success"]
[9164][1603444713075][shell][info]["bootShellCrashReporter~ Success"]
[9164][1603444713077][shell][info]["shellController~init: Success"]
[9164][1603444713078][shell][info]["shellMeta~init: Success"]
[9164][1603444713098][shell][info]["init~setViewAttributes - Initializing view with opts:",{"allIds":[3],"devtools":false,"id":3,"primaryId":3,"startTime":1603444712301,"type":"requester","partitionId":"default"}]
[9164][1603444713101][shell][info]["init~setViewAttributes - Success"]
[4762][1603448184405][shell][info]["EventBus~initialize - Success"]
[4762][1603448184464][shell][info]["bootShellCrashReporter~ Success"]
[4762][1603448184467][shell][info]["shellController~init: Success"]
[4762][1603448184467][shell][info]["shellMeta~init: Success"]
[4762][1603448184503][shell][info]["init~setViewAttributes - Initializing view with opts:",{"devtools":false,"id":2,"startTime":1603448182655,"type":"shared","partitionId":"default"}]
[4762][1603448184505][shell][info]["init~setViewAttributes - Success"]
[4762][1603448190530][shell][info]["EventBus~initialize - Success"]
[4762][1603448190544][shell][info]["bootShellCrashReporter~ Success"]
[4762][1603448190546][shell][info]["shellController~init: Success"]
[4762][1603448190546][shell][info]["shellMeta~init: Success"]
[4762][1603448190569][shell][info]["init~setViewAttributes - Initializing view with opts:",{"allIds":[3],"devtools":false,"id":3,"primaryId":3,"startTime":1603448190080,"type":"requester","partitionId":"default"}]
[4762][1603448190571][shell][info]["init~setViewAttributes - Success"]
[5697][1603487512454][shell][info]["EventBus~initialize - Success"]
[5697][1603487512504][shell][info]["bootShellCrashReporter~ Success"]
[5697][1603487512506][shell][info]["shellController~init: Success"]
[5697][1603487512507][shell][info]["shellMeta~init: Success"]
[5697][1603487512528][shell][info]["init~setViewAttributes - Initializing view with opts:",{"devtools":false,"id":2,"startTime":1603487510905,"type":"shared","partitionId":"default"}]
[5697][1603487512529][shell][info]["init~setViewAttributes - Success"]
[5697][1603487518513][shell][info]["EventBus~initialize - Success"]
[5697][1603487518527][shell][info]["bootShellCrashReporter~ Success"]
[5697][1603487518529][shell][info]["shellController~init: Success"]
[5697][1603487518530][shell][info]["shellMeta~init: Success"]
[5697][1603487518555][shell][info]["init~setViewAttributes - Initializing view with opts:",{"allIds":[3],"devtools":false,"id":3,"primaryId":3,"startTime":1603487518017,"type":"requester","partitionId":"default"}]
[5697][1603487518558][shell][info]["init~setViewAttributes - Success"]
[7184][1603650759417][shell][info]["EventBus~initialize - Success"]
[7184][1603650759450][shell][info]["bootShellCrashReporter~ Success"]
[7184][1603650759452][shell][info]["shellController~init: Success"]
[7184][1603650759453][shell][info]["shellMeta~init: Success"]
[7184][1603650759470][shell][info]["init~setViewAttributes - Initializing view with opts:",{"devtools":false,"id":2,"startTime":1603650758042,"type":"shared","partitionId":"default"}]
[7184][1603650759472][shell][info]["init~setViewAttributes - Success"]
[7184][1603650763254][shell][info]["EventBus~initialize - Success"]
[7184][1603650763260][shell][info]["bootShellCrashReporter~ Success"]
[7184][1603650763262][shell][info]["shellController~init: Success"]
[7184][1603650763262][shell][info]["shellMeta~init: Success"]
[7184][1603650763276][shell][info]["init~setViewAttributes - Initializing view with opts:",{"allIds":[3],"devtools":false,"id":3,"primaryId":3,"startTime":1603650762958,"type":"requester","partitionId":"default"}]
[7184][1603650763277][shell][info]["init~setViewAttributes - Success"]
[9259][1603802322246][shell][info]["EventBus~initialize - Success"]
[9259][1603802322288][shell][info]["bootShellCrashReporter~ Success"]
[9259][1603802322290][shell][info]["shellController~init: Success"]
[9259][1603802322290][shell][info]["shellMeta~init: Success"]
[9259][1603802322313][shell][info]["init~setViewAttributes - Initializing view with opts:",{"devtools":false,"id":2,"startTime":1603802320829,"type":"shared","partitionId":"default"}]
[9259][1603802322314][shell][info]["init~setViewAttributes - Success"]
[9259][1603802326263][shell][info]["EventBus~initialize - Success"]
[9259][1603802326271][shell][info]["bootShellCrashReporter~ Success"]
[9259][1603802326273][shell][info]["shellController~init: Success"]
[9259][1603802326273][shell][info]["shellMeta~init: Success"]
[9259][1603802326296][shell][info]["init~setViewAttributes - Initializing view with opts:",{"allIds":[3],"devtools":false,"id":3,"primaryId":3,"startTime":1603802325982,"type":"requester","partitionId":"default"}]
[9259][1603802326297][shell][info]["init~setViewAttributes - Success"]
[5711][1603963676198][shell][info]["EventBus~initialize - Success"]
[5711][1603963676260][shell][info]["bootShellCrashReporter~ Success"]
[5711][1603963676264][shell][info]["shellController~init: Success"]
[5711][1603963676265][shell][info]["shellMeta~init: Success"]
[5711][1603963676293][shell][info]["init~setViewAttributes - Initializing view with opts:",{"devtools":false,"id":2,"startTime":1603963674391,"type":"shared","partitionId":"default"}]
[5711][1603963676296][shell][info]["init~setViewAttributes - Success"]
[5711][1603963683294][shell][info]["EventBus~initialize - Success"]
[5711][1603963683305][shell][info]["bootShellCrashReporter~ Success"]
[5711][1603963683309][shell][info]["shellController~init: Success"]
[5711][1603963683310][shell][info]["shellMeta~init: Success"]
[5711][1603963683335][shell][info]["init~setViewAttributes - Initializing view with opts:",{"allIds":[3],"devtools":false,"id":3,"primaryId":3,"startTime":1603963682829,"type":"requester","partitionId":"default"}]
[5711][1603963683337][shell][info]["init~setViewAttributes - Success"]
[13663][1604009217204][shell][info]["EventBus~initialize - Success"]
[13663][1604009217258][shell][info]["bootShellCrashReporter~ Success"]
[13663][1604009217260][shell][info]["shellController~init: Success"]
[13663][1604009217260][shell][info]["shellMeta~init: Success"]
[13663][1604009217301][shell][info]["init~setViewAttributes - Initializing view with opts:",{"devtools":false,"id":2,"startTime":1604009215323,"type":"shared","partitionId":"default"}]
[13663][1604009217304][shell][info]["init~setViewAttributes - Success"]
[13663][1604009223065][shell][info]["EventBus~initialize - Success"]
[13663][1604009223079][shell][info]["bootShellCrashReporter~ Success"]
[13663][1604009223082][shell][info]["shellController~init: Success"]
[13663][1604009223082][shell][info]["shellMeta~init: Success"]
[13663][1604009223105][shell][info]["init~setViewAttributes - Initializing view with opts:",{"allIds":[3],"devtools":false,"id":3,"primaryId":3,"startTime":1604009222518,"type":"requester","partitionId":"default"}]
[13663][1604009223106][shell][info]["init~setViewAttributes - Success"]
[6628][1604067162487][shell][info]["EventBus~initialize - Success"]
[6628][1604067162546][shell][info]["bootShellCrashReporter~ Success"]
[6628][1604067162548][shell][info]["shellController~init: Success"]
[6628][1604067162548][shell][info]["shellMeta~init: Success"]
[6628][1604067162587][shell][info]["init~setViewAttributes - Initializing view with opts:",{"devtools":false,"id":2,"startTime":1604067160501,"type":"shared","partitionId":"default"}]
[6628][1604067162588][shell][info]["init~setViewAttributes - Success"]
[6628][1604067169503][shell][info]["EventBus~initialize - Success"]
[6628][1604067169518][shell][info]["bootShellCrashReporter~ Success"]
[6628][1604067169520][shell][info]["shellController~init: Success"]
[6628][1604067169521][shell][info]["shellMeta~init: Success"]
[6628][1604067169545][shell][info]["init~setViewAttributes - Initializing view with opts:",{"allIds":[3],"devtools":false,"id":3,"primaryId":3,"startTime":1604067168682,"type":"requester","partitionId":"default"}]
[6628][1604067169547][shell][info]["init~setViewAttributes - Success"]
[19265][1604332076856][shell][info]["EventBus~initialize - Success"]
[19265][1604332076890][shell][info]["bootShellCrashReporter~ Success"]
[19265][1604332076891][shell][info]["shellController~init: Success"]
[19265][1604332076892][shell][info]["shellMeta~init: Success"]
[19265][1604332076916][shell][info]["init~setViewAttributes - Initializing view with opts:",{"devtools":false,"id":2,"startTime":1604332074962,"type":"shared","partitionId":"default"}]
[19265][1604332076917][shell][info]["init~setViewAttributes - Success"]
[19265][1604332082078][shell][info]["EventBus~initialize - Success"]
[19265][1604332082086][shell][info]["bootShellCrashReporter~ Success"]
[19265][1604332082087][shell][info]["shellController~init: Success"]
[19265][1604332082087][shell][info]["shellMeta~init: Success"]
[19265][1604332082099][shell][info]["init~setViewAttributes - Initializing view with opts:",{"allIds":[3],"devtools":false,"id":3,"primaryId":3,"startTime":1604332081734,"type":"requester","partitionId":"default"}]
[19265][1604332082101][shell][info]["init~setViewAttributes - Success"]
[5524][1604350286135][shell][info]["EventBus~initialize - Success"]
[5524][1604350286193][shell][info]["bootShellCrashReporter~ Success"]
[5524][1604350286195][shell][info]["shellController~init: Success"]
[5524][1604350286196][shell][info]["shellMeta~init: Success"]
[5524][1604350286219][shell][info]["init~setViewAttributes - Initializing view with opts:",{"devtools":false,"id":2,"startTime":1604350284610,"type":"shared","partitionId":"default"}]
[5524][1604350286221][shell][info]["init~setViewAttributes - Success"]
[5524][1604350291512][shell][info]["EventBus~initialize - Success"]
[5524][1604350291528][shell][info]["bootShellCrashReporter~ Success"]
[5524][1604350291531][shell][info]["shellController~init: Success"]
[5524][1604350291532][shell][info]["shellMeta~init: Success"]
[5524][1604350291557][shell][info]["init~setViewAttributes - Initializing view with opts:",{"allIds":[3],"devtools":false,"id":3,"primaryId":3,"startTime":1604350291069,"type":"requester","partitionId":"default"}]
[5524][1604350291560][shell][info]["init~setViewAttributes - Success"]
[13828][1605308669360][shell][info]["EventBus~initialize - Success"]
[13828][1605308669417][shell][info]["bootShellCrashReporter~ Success"]
[13828][1605308669418][shell][info]["shellController~init: Success"]
[13828][1605308669418][shell][info]["shellMeta~init: Success"]
[13828][1605308669509][shell][info]["init~setViewAttributes - Initializing view with opts:",{"devtools":false,"id":2,"startTime":1605308659051,"type":"shared","partitionId":"default"}]
[13828][1605308669511][shell][info]["init~setViewAttributes - Success"]
[8648][1605609812277][shell][info]["EventBus~initialize - Success"]
[8648][1605609812336][shell][info]["bootShellCrashReporter~ Success"]
[8648][1605609812338][shell][info]["shellController~init: Success"]
[8648][1605609812339][shell][info]["shellMeta~init: Success"]
[8648][1605609812366][shell][info]["init~setViewAttributes - Initializing view with opts:",{"devtools":false,"id":2,"startTime":1605609810580,"type":"shared","partitionId":"default"}]
[8648][1605609812367][shell][info]["init~setViewAttributes - Success"]
[8648][1605609818434][shell][info]["EventBus~initialize - Success"]
[8648][1605609818449][shell][info]["bootShellCrashReporter~ Success"]
[8648][1605609818451][shell][info]["shellController~init: Success"]
[8648][1605609818452][shell][info]["shellMeta~init: Success"]
[8648][1605609818479][shell][info]["init~setViewAttributes - Initializing view with opts:",{"allIds":[3],"devtools":false,"id":3,"primaryId":3,"startTime":1605609818025,"type":"requester","partitionId":"default"}]
[8648][1605609818482][shell][info]["init~setViewAttributes - Success"]
[4208][1605618580068][shell][info]["EventBus~initialize - Success"]
[4208][1605618580114][shell][info]["bootShellCrashReporter~ Success"]
[4208][1605618580115][shell][info]["shellController~init: Success"]
[4208][1605618580116][shell][info]["shellMeta~init: Success"]
[4208][1605618580131][shell][info]["init~setViewAttributes - Initializing view with opts:",{"devtools":false,"id":2,"startTime":1605618578653,"type":"shared","partitionId":"default"}]
[4208][1605618580132][shell][info]["init~setViewAttributes - Success"]
[4208][1605618585055][shell][info]["EventBus~initialize - Success"]
[4208][1605618585071][shell][info]["bootShellCrashReporter~ Success"]
[4208][1605618585073][shell][info]["shellController~init: Success"]
[4208][1605618585074][shell][info]["shellMeta~init: Success"]
[4208][1605618585091][shell][info]["init~setViewAttributes - Initializing view with opts:",{"allIds":[3],"devtools":false,"id":3,"primaryId":3,"startTime":1605618584663,"type":"requester","partitionId":"default"}]
[4208][1605618585093][shell][info]["init~setViewAttributes - Success"]
[10135][1605692780793][shell][info]["EventBus~initialize - Success"]
[10135][1605692780844][shell][info]["bootShellCrashReporter~ Success"]
[10135][1605692780847][shell][info]["shellController~init: Success"]
[10135][1605692780847][shell][info]["shellMeta~init: Success"]
[10135][1605692780891][shell][info]["init~setViewAttributes - Initializing view with opts:",{"devtools":false,"id":2,"startTime":1605692778871,"type":"shared","partitionId":"default"}]
[10135][1605692780893][shell][info]["init~setViewAttributes - Success"]
[10135][1605692793447][shell][info]["EventBus~initialize - Success"]
[10135][1605692793493][shell][info]["bootShellCrashReporter~ Success"]
[10135][1605692793495][shell][info]["shellController~init: Success"]
[10135][1605692793495][shell][info]["shellMeta~init: Success"]
[10135][1605692793540][shell][info]["init~setViewAttributes - Initializing view with opts:",{"allIds":[3],"devtools":false,"id":3,"primaryId":3,"startTime":1605692789573,"type":"requester","partitionId":"default"}]
[10135][1605692793541][shell][info]["init~setViewAttributes - Success"]
