[20951][1598451566700][requester][info]["EventBus~initialize - Success"]
[20951][1598451566704][requester][info]["Messaging~boot - Success"]
[20951][1598451566713][requester][info]["bootCrashReporter~ Success"]
[20951][1598451566714][requester][info]["Telemetry~boot - Success"]
[20951][1598451566715][requester][info]["bootConfigurations~initialize - Success"]
[20951][1598451566717][requester][info]["Settings~boot - Success"]
[20951][1598451566778][requester][info]["bootstrapModels - Success"]
[20951][1598451566779][requester][info]["WLModels~boot - Success"]
[20951][1598451566833][requester][info]["Session~boot - Success"]
[20951][1598451566835][requester][info]["IndependentServices~boot - Success"]
[20951][1598451566855][requester][info]["AppModels~boot - Success"]
[20951][1598451566860][requester][info]["DBWatcher~boot - Success"]
[20951][1598451566863][requester][info]["ThemeManager~boot - Success"]
[20951][1598451566864][requester][info]["Store~boot - Success"]
[20951][1598451566866][requester][info]["Shortcuts~boot - Success"]
[20951][1598451566866][requester][info]["SyncProxy~boot - Success"]
[20951][1598451566877][requester][info]["NewConsole~boot - Success"]
[20951][1598451566880][requester][info]["APIDevInterface~boot - Success"]
[20951][1598451566883][requester][info]["Updater bailed! Running on Snap!"]
[20951][1598451566888][requester][info]["Requester~boot - Success"]
[20951][1598451566888][requester][info]["booted - requester"]
[20951][1598451566941][requester][warn]["CloudProxyHandler: Error while reading proxy configuration from user data - ",{"errno":-2,"code":"ENOENT","syscall":"open","path":"/home/qa-admin/snap/postman/123/.config/Postman/Postman_Config/proxy","name":"Error","message":"ENOENT: no such file or directory, open '/home/qa-admin/snap/postman/123/.config/Postman/Postman_Config/proxy'","stack":"Error: ENOENT: no such file or directory, open '/home/qa-admin/snap/postman/123/.config/Postman/Postman_Config/proxy'"}]
[20951][1598451568158][requester][info]["SessionValidation - Registering listener"]
[20951][1598451568170][requester][warn]["FeatureFlagsStore~updateFlags: Could not find feature flags",{"error":{"message":"SyncRequestService\\x7erequestListener: Could not fetch from sync. Socket not connected."}}]
[5966][1598511205984][requester][info]["EventBus~initialize - Success"]
[5966][1598511205987][requester][info]["Messaging~boot - Success"]
[5966][1598511205998][requester][info]["bootCrashReporter~ Success"]
[5966][1598511205999][requester][info]["Telemetry~boot - Success"]
[5966][1598511206000][requester][info]["bootConfigurations~initialize - Success"]
[5966][1598511206003][requester][info]["Settings~boot - Success"]
[5966][1598511206082][requester][info]["bootstrapModels - Success"]
[5966][1598511206083][requester][info]["WLModels~boot - Success"]
[5966][1598511206120][requester][info]["Session~boot - Success"]
[5966][1598511206123][requester][info]["IndependentServices~boot - Success"]
[5966][1598511206144][requester][info]["AppModels~boot - Success"]
[5966][1598511206148][requester][info]["DBWatcher~boot - Success"]
[5966][1598511206154][requester][info]["ThemeManager~boot - Success"]
[5966][1598511206155][requester][info]["Store~boot - Success"]
[5966][1598511206157][requester][info]["Shortcuts~boot - Success"]
[5966][1598511206158][requester][info]["SyncProxy~boot - Success"]
[5966][1598511206166][requester][info]["NewConsole~boot - Success"]
[5966][1598511206174][requester][info]["APIDevInterface~boot - Success"]
[5966][1598511206178][requester][info]["Updater bailed! Running on Snap!"]
[5966][1598511206187][requester][info]["Requester~boot - Success"]
[5966][1598511206187][requester][info]["booted - requester"]
[5966][1598511206232][requester][warn]["CloudProxyHandler: Error while reading proxy configuration from user data - ",{"errno":-2,"code":"ENOENT","syscall":"open","path":"/home/qa-admin/snap/postman/123/.config/Postman/Postman_Config/proxy","name":"Error","message":"ENOENT: no such file or directory, open '/home/qa-admin/snap/postman/123/.config/Postman/Postman_Config/proxy'","stack":"Error: ENOENT: no such file or directory, open '/home/qa-admin/snap/postman/123/.config/Postman/Postman_Config/proxy'"}]
[5966][1598511208044][requester][info]["SessionValidation - Registering listener"]
[5966][1598511208056][requester][warn]["FeatureFlagsStore~updateFlags: Could not find feature flags",{"error":{"message":"SyncRequestService\\x7erequestListener: Could not fetch from sync. Socket not connected."}}]
[5966][1598512314002][requester][error]["Error in pipeline for fetching collection size",{"message":"SyncRequestService\\x7erequestListener: Could not fetch from sync. Socket not connected."}]
[13131][1598616688576][requester][info]["EventBus~initialize - Success"]
[13131][1598616688578][requester][info]["Messaging~boot - Success"]
[13131][1598616688590][requester][info]["bootCrashReporter~ Success"]
[13131][1598616688592][requester][info]["Telemetry~boot - Success"]
[13131][1598616688593][requester][info]["bootConfigurations~initialize - Success"]
[13131][1598616688595][requester][info]["Settings~boot - Success"]
[13131][1598616688675][requester][info]["bootstrapModels - Success"]
[13131][1598616688676][requester][info]["WLModels~boot - Success"]
[13131][1598616688717][requester][info]["Session~boot - Success"]
[13131][1598616688720][requester][info]["IndependentServices~boot - Success"]
[13131][1598616688742][requester][info]["AppModels~boot - Success"]
[13131][1598616688747][requester][info]["DBWatcher~boot - Success"]
[13131][1598616688757][requester][info]["ThemeManager~boot - Success"]
[13131][1598616688757][requester][info]["Store~boot - Success"]
[13131][1598616688760][requester][info]["Shortcuts~boot - Success"]
[13131][1598616688761][requester][info]["SyncProxy~boot - Success"]
[13131][1598616688781][requester][info]["NewConsole~boot - Success"]
[13131][1598616688786][requester][info]["APIDevInterface~boot - Success"]
[13131][1598616688789][requester][info]["Updater bailed! Running on Snap!"]
[13131][1598616688800][requester][info]["Requester~boot - Success"]
[13131][1598616688800][requester][info]["booted - requester"]
[13131][1598616688866][requester][warn]["CloudProxyHandler: Error while reading proxy configuration from user data - ",{"errno":-2,"code":"ENOENT","syscall":"open","path":"/home/qa-admin/snap/postman/123/.config/Postman/Postman_Config/proxy","name":"Error","message":"ENOENT: no such file or directory, open '/home/qa-admin/snap/postman/123/.config/Postman/Postman_Config/proxy'","stack":"Error: ENOENT: no such file or directory, open '/home/qa-admin/snap/postman/123/.config/Postman/Postman_Config/proxy'"}]
[13131][1598616691055][requester][info]["SessionValidation - Registering listener"]
[13131][1598616691070][requester][warn]["FeatureFlagsStore~updateFlags: Could not find feature flags",{"error":{"message":"SyncRequestService\\x7erequestListener: Could not fetch from sync. Socket not connected."}}]
[2369][1598836758045][requester][info]["EventBus~initialize - Success"]
[2369][1598836758048][requester][info]["Messaging~boot - Success"]
[2369][1598836758059][requester][info]["bootCrashReporter~ Success"]
[2369][1598836758060][requester][info]["Telemetry~boot - Success"]
[2369][1598836758061][requester][info]["bootConfigurations~initialize - Success"]
[2369][1598836758064][requester][info]["Settings~boot - Success"]
[2369][1598836758142][requester][info]["bootstrapModels - Success"]
[2369][1598836758143][requester][info]["WLModels~boot - Success"]
[2369][1598836758186][requester][info]["Session~boot - Success"]
[2369][1598836758189][requester][info]["IndependentServices~boot - Success"]
[2369][1598836758209][requester][info]["AppModels~boot - Success"]
[2369][1598836758214][requester][info]["DBWatcher~boot - Success"]
[2369][1598836758222][requester][info]["ThemeManager~boot - Success"]
[2369][1598836758223][requester][info]["Store~boot - Success"]
[2369][1598836758227][requester][info]["Shortcuts~boot - Success"]
[2369][1598836758228][requester][info]["SyncProxy~boot - Success"]
[2369][1598836758247][requester][info]["NewConsole~boot - Success"]
[2369][1598836758252][requester][info]["APIDevInterface~boot - Success"]
[2369][1598836758255][requester][info]["Updater bailed! Running on Snap!"]
[2369][1598836758263][requester][info]["Requester~boot - Success"]
[2369][1598836758264][requester][info]["booted - requester"]
[2369][1598836758306][requester][warn]["CloudProxyHandler: Error while reading proxy configuration from user data - ",{"errno":-2,"code":"ENOENT","syscall":"open","path":"/home/qa-admin/snap/postman/123/.config/Postman/Postman_Config/proxy","name":"Error","message":"ENOENT: no such file or directory, open '/home/qa-admin/snap/postman/123/.config/Postman/Postman_Config/proxy'","stack":"Error: ENOENT: no such file or directory, open '/home/qa-admin/snap/postman/123/.config/Postman/Postman_Config/proxy'"}]
[2369][1598836760156][requester][info]["SessionValidation - Registering listener"]
[2369][1598836760170][requester][warn]["FeatureFlagsStore~updateFlags: Could not find feature flags",{"error":{"message":"SyncRequestService\\x7erequestListener: Could not fetch from sync. Socket not connected."}}]
[5741][1598950898450][requester][info]["EventBus~initialize - Success"]
[5741][1598950898454][requester][info]["Messaging~boot - Success"]
[5741][1598950898465][requester][info]["bootCrashReporter~ Success"]
[5741][1598950898467][requester][info]["Telemetry~boot - Success"]
[5741][1598950898468][requester][info]["bootConfigurations~initialize - Success"]
[5741][1598950898470][requester][info]["Settings~boot - Success"]
[5741][1598950898548][requester][info]["bootstrapModels - Success"]
[5741][1598950898548][requester][info]["WLModels~boot - Success"]
[5741][1598950898585][requester][info]["Session~boot - Success"]
[5741][1598950898587][requester][info]["IndependentServices~boot - Success"]
[5741][1598950898604][requester][info]["AppModels~boot - Success"]
[5741][1598950898608][requester][info]["DBWatcher~boot - Success"]
[5741][1598950898617][requester][info]["ThemeManager~boot - Success"]
[5741][1598950898617][requester][info]["Store~boot - Success"]
[5741][1598950898621][requester][info]["Shortcuts~boot - Success"]
[5741][1598950898622][requester][info]["SyncProxy~boot - Success"]
[5741][1598950898638][requester][info]["NewConsole~boot - Success"]
[5741][1598950898643][requester][info]["APIDevInterface~boot - Success"]
[5741][1598950898646][requester][info]["Updater bailed! Running on Snap!"]
[5741][1598950898653][requester][info]["Requester~boot - Success"]
[5741][1598950898653][requester][info]["booted - requester"]
[5741][1598950898683][requester][warn]["CloudProxyHandler: Error while reading proxy configuration from user data - ",{"errno":-2,"code":"ENOENT","syscall":"open","path":"/home/qa-admin/snap/postman/123/.config/Postman/Postman_Config/proxy","name":"Error","message":"ENOENT: no such file or directory, open '/home/qa-admin/snap/postman/123/.config/Postman/Postman_Config/proxy'","stack":"Error: ENOENT: no such file or directory, open '/home/qa-admin/snap/postman/123/.config/Postman/Postman_Config/proxy'"}]
[5741][1598950899988][requester][info]["SessionValidation - Registering listener"]
[5741][1598950900001][requester][warn]["FeatureFlagsStore~updateFlags: Could not find feature flags",{"error":{"message":"SyncRequestService\\x7erequestListener: Could not fetch from sync. Socket not connected."}}]
[4816][1599120942854][requester][info]["EventBus~initialize - Success"]
[4816][1599120942856][requester][info]["Messaging~boot - Success"]
[4816][1599120942867][requester][info]["bootCrashReporter~ Success"]
[4816][1599120942869][requester][info]["Telemetry~boot - Success"]
[4816][1599120942870][requester][info]["bootConfigurations~initialize - Success"]
[4816][1599120942873][requester][info]["Settings~boot - Success"]
[4816][1599120942968][requester][info]["bootstrapModels - Success"]
[4816][1599120942969][requester][info]["WLModels~boot - Success"]
[4816][1599120943010][requester][info]["Session~boot - Success"]
[4816][1599120943013][requester][info]["IndependentServices~boot - Success"]
[4816][1599120943036][requester][info]["AppModels~boot - Success"]
[4816][1599120943040][requester][info]["DBWatcher~boot - Success"]
[4816][1599120943047][requester][info]["ThemeManager~boot - Success"]
[4816][1599120943048][requester][info]["Store~boot - Success"]
[4816][1599120943051][requester][info]["Shortcuts~boot - Success"]
[4816][1599120943051][requester][info]["SyncProxy~boot - Success"]
[4816][1599120943067][requester][info]["NewConsole~boot - Success"]
[4816][1599120943073][requester][info]["APIDevInterface~boot - Success"]
[4816][1599120943076][requester][info]["Updater bailed! Running on Snap!"]
[4816][1599120943086][requester][info]["Requester~boot - Success"]
[4816][1599120943087][requester][info]["booted - requester"]
[4816][1599120943138][requester][warn]["CloudProxyHandler: Error while reading proxy configuration from user data - ",{"errno":-2,"code":"ENOENT","syscall":"open","path":"/home/qa-admin/snap/postman/123/.config/Postman/Postman_Config/proxy","name":"Error","message":"ENOENT: no such file or directory, open '/home/qa-admin/snap/postman/123/.config/Postman/Postman_Config/proxy'","stack":"Error: ENOENT: no such file or directory, open '/home/qa-admin/snap/postman/123/.config/Postman/Postman_Config/proxy'"}]
[4816][1599120945013][requester][info]["SessionValidation - Registering listener"]
[4816][1599120945024][requester][warn]["FeatureFlagsStore~updateFlags: Could not find feature flags",{"error":{"message":"SyncRequestService\\x7erequestListener: Could not fetch from sync. Socket not connected."}}]
[14445][1599169200046][requester][info]["EventBus~initialize - Success"]
[14445][1599169200048][requester][info]["Messaging~boot - Success"]
[14445][1599169200056][requester][info]["bootCrashReporter~ Success"]
[14445][1599169200058][requester][info]["Telemetry~boot - Success"]
[14445][1599169200059][requester][info]["bootConfigurations~initialize - Success"]
[14445][1599169200062][requester][info]["Settings~boot - Success"]
[14445][1599169200132][requester][info]["bootstrapModels - Success"]
[14445][1599169200133][requester][info]["WLModels~boot - Success"]
[14445][1599169200164][requester][info]["Session~boot - Success"]
[14445][1599169200166][requester][info]["IndependentServices~boot - Success"]
[14445][1599169200189][requester][info]["AppModels~boot - Success"]
[14445][1599169200192][requester][info]["DBWatcher~boot - Success"]
[14445][1599169200199][requester][info]["ThemeManager~boot - Success"]
[14445][1599169200199][requester][info]["Store~boot - Success"]
[14445][1599169200201][requester][info]["Shortcuts~boot - Success"]
[14445][1599169200202][requester][info]["SyncProxy~boot - Success"]
[14445][1599169200208][requester][info]["NewConsole~boot - Success"]
[14445][1599169200211][requester][info]["APIDevInterface~boot - Success"]
[14445][1599169200213][requester][info]["Updater bailed! Running on Snap!"]
[14445][1599169200218][requester][info]["Requester~boot - Success"]
[14445][1599169200219][requester][info]["booted - requester"]
[14445][1599169200255][requester][warn]["CloudProxyHandler: Error while reading proxy configuration from user data - ",{"errno":-2,"code":"ENOENT","syscall":"open","path":"/home/qa-admin/snap/postman/123/.config/Postman/Postman_Config/proxy","name":"Error","message":"ENOENT: no such file or directory, open '/home/qa-admin/snap/postman/123/.config/Postman/Postman_Config/proxy'","stack":"Error: ENOENT: no such file or directory, open '/home/qa-admin/snap/postman/123/.config/Postman/Postman_Config/proxy'"}]
[14445][1599169201397][requester][info]["SessionValidation - Registering listener"]
[14445][1599169201406][requester][warn]["FeatureFlagsStore~updateFlags: Could not find feature flags",{"error":{"message":"SyncRequestService\\x7erequestListener: Could not fetch from sync. Socket not connected."}}]
[11343][1599473424731][requester][info]["EventBus~initialize - Success"]
[11343][1599473424733][requester][info]["Messaging~boot - Success"]
[11343][1599473424746][requester][info]["bootCrashReporter~ Success"]
[11343][1599473424747][requester][info]["Telemetry~boot - Success"]
[11343][1599473424748][requester][info]["bootConfigurations~initialize - Success"]
[11343][1599473424751][requester][info]["Settings~boot - Success"]
[11343][1599473424837][requester][info]["bootstrapModels - Success"]
[11343][1599473424838][requester][info]["WLModels~boot - Success"]
[11343][1599473424878][requester][info]["Session~boot - Success"]
[11343][1599473424881][requester][info]["IndependentServices~boot - Success"]
[11343][1599473424901][requester][info]["AppModels~boot - Success"]
[11343][1599473424906][requester][info]["DBWatcher~boot - Success"]
[11343][1599473424913][requester][info]["ThemeManager~boot - Success"]
[11343][1599473424914][requester][info]["Store~boot - Success"]
[11343][1599473424916][requester][info]["Shortcuts~boot - Success"]
[11343][1599473424917][requester][info]["SyncProxy~boot - Success"]
[11343][1599473424931][requester][info]["NewConsole~boot - Success"]
[11343][1599473424938][requester][info]["APIDevInterface~boot - Success"]
[11343][1599473424941][requester][info]["Updater bailed! Running on Snap!"]
[11343][1599473424949][requester][info]["Requester~boot - Success"]
[11343][1599473424950][requester][info]["booted - requester"]
[11343][1599473424995][requester][warn]["CloudProxyHandler: Error while reading proxy configuration from user data - ",{"errno":-2,"code":"ENOENT","syscall":"open","path":"/home/qa-admin/snap/postman/123/.config/Postman/Postman_Config/proxy","name":"Error","message":"ENOENT: no such file or directory, open '/home/qa-admin/snap/postman/123/.config/Postman/Postman_Config/proxy'","stack":"Error: ENOENT: no such file or directory, open '/home/qa-admin/snap/postman/123/.config/Postman/Postman_Config/proxy'"}]
[11343][1599473426947][requester][info]["SessionValidation - Registering listener"]
[11343][1599473426964][requester][warn]["FeatureFlagsStore~updateFlags: Could not find feature flags",{"error":{"message":"SyncRequestService\\x7erequestListener: Could not fetch from sync. Socket not connected."}}]
[5952][1599640800041][requester][info]["EventBus~initialize - Success"]
[5952][1599640800044][requester][info]["Messaging~boot - Success"]
[5952][1599640800055][requester][info]["bootCrashReporter~ Success"]
[5952][1599640800056][requester][info]["Telemetry~boot - Success"]
[5952][1599640800057][requester][info]["bootConfigurations~initialize - Success"]
[5952][1599640800059][requester][info]["Settings~boot - Success"]
[5952][1599640800141][requester][info]["bootstrapModels - Success"]
[5952][1599640800142][requester][info]["WLModels~boot - Success"]
[5952][1599640800182][requester][info]["Session~boot - Success"]
[5952][1599640800186][requester][info]["IndependentServices~boot - Success"]
[5952][1599640800207][requester][info]["AppModels~boot - Success"]
[5952][1599640800212][requester][info]["DBWatcher~boot - Success"]
[5952][1599640800220][requester][info]["ThemeManager~boot - Success"]
[5952][1599640800220][requester][info]["Store~boot - Success"]
[5952][1599640800223][requester][info]["Shortcuts~boot - Success"]
[5952][1599640800223][requester][info]["SyncProxy~boot - Success"]
[5952][1599640800242][requester][info]["NewConsole~boot - Success"]
[5952][1599640800247][requester][info]["APIDevInterface~boot - Success"]
[5952][1599640800250][requester][info]["Updater bailed! Running on Snap!"]
[5952][1599640800259][requester][info]["Requester~boot - Success"]
[5952][1599640800259][requester][info]["booted - requester"]
[5952][1599640800305][requester][warn]["CloudProxyHandler: Error while reading proxy configuration from user data - ",{"errno":-2,"code":"ENOENT","syscall":"open","path":"/home/qa-admin/snap/postman/124/.config/Postman/Postman_Config/proxy","name":"Error","message":"ENOENT: no such file or directory, open '/home/qa-admin/snap/postman/124/.config/Postman/Postman_Config/proxy'","stack":"Error: ENOENT: no such file or directory, open '/home/qa-admin/snap/postman/124/.config/Postman/Postman_Config/proxy'"}]
[5952][1599640802160][requester][info]["SessionValidation - Registering listener"]
[5952][1599640802177][requester][warn]["FeatureFlagsStore~updateFlags: Could not find feature flags",{"error":{"message":"SyncRequestService\\x7erequestListener: Could not fetch from sync. Socket not connected."}}]
[9225][1600907744278][requester][info]["EventBus~initialize - Success"]
[9225][1600907744283][requester][info]["Messaging~boot - Success"]
[9225][1600907744299][requester][info]["bootCrashReporter~ Success"]
[9225][1600907744301][requester][info]["Telemetry~boot - Success"]
[9225][1600907744302][requester][info]["bootConfigurations~initialize - Success"]
[9225][1600907744305][requester][info]["Settings~boot - Success"]
[9225][1600907744387][requester][info]["bootstrapModels - Success"]
[9225][1600907744388][requester][info]["WLModels~boot - Success"]
[9225][1600907744434][requester][info]["Session~boot - Success"]
[9225][1600907744437][requester][info]["IndependentServices~boot - Success"]
[9225][1600907744459][requester][info]["AppModels~boot - Success"]
[9225][1600907744462][requester][info]["DBWatcher~boot - Success"]
[9225][1600907744469][requester][info]["ThemeManager~boot - Success"]
[9225][1600907744470][requester][info]["Store~boot - Success"]
[9225][1600907744472][requester][info]["Shortcuts~boot - Success"]
[9225][1600907744473][requester][info]["SyncProxy~boot - Success"]
[9225][1600907744491][requester][info]["NewConsole~boot - Success"]
[9225][1600907744497][requester][info]["APIDevInterface~boot - Success"]
[9225][1600907744501][requester][info]["Updater bailed! Running on Snap!"]
[9225][1600907744509][requester][info]["Requester~boot - Success"]
[9225][1600907744510][requester][info]["booted - requester"]
[9225][1600907744566][requester][warn]["CloudProxyHandler: Error while reading proxy configuration from user data - ",{"errno":-2,"code":"ENOENT","syscall":"open","path":"/home/qa-admin/snap/postman/126/.config/Postman/Postman_Config/proxy","name":"Error","message":"ENOENT: no such file or directory, open '/home/qa-admin/snap/postman/126/.config/Postman/Postman_Config/proxy'","stack":"Error: ENOENT: no such file or directory, open '/home/qa-admin/snap/postman/126/.config/Postman/Postman_Config/proxy'"}]
[9225][1600907746678][requester][info]["SessionValidation - Registering listener"]
[9225][1600907746692][requester][warn]["FeatureFlagsStore~updateFlags: Could not find feature flags",{"error":{"message":"SyncRequestService\\x7erequestListener: Could not fetch from sync. Socket not connected."}}]
[11231][1600936843505][requester][info]["EventBus~initialize - Success"]
[11231][1600936843506][requester][info]["Messaging~boot - Success"]
[11231][1600936843521][requester][info]["bootCrashReporter~ Success"]
[11231][1600936843521][requester][info]["Telemetry~boot - Success"]
[11231][1600936843522][requester][info]["bootConfigurations~initialize - Success"]
[11231][1600936843524][requester][info]["Settings~boot - Success"]
[11231][1600936843583][requester][info]["bootstrapModels - Success"]
[11231][1600936843583][requester][info]["WLModels~boot - Success"]
[11231][1600936843618][requester][info]["Session~boot - Success"]
[11231][1600936843620][requester][info]["IndependentServices~boot - Success"]
[11231][1600936843642][requester][info]["AppModels~boot - Success"]
[11231][1600936843644][requester][info]["DBWatcher~boot - Success"]
[11231][1600936843649][requester][info]["ThemeManager~boot - Success"]
[11231][1600936843650][requester][info]["Store~boot - Success"]
[11231][1600936843652][requester][info]["Shortcuts~boot - Success"]
[11231][1600936843652][requester][info]["SyncProxy~boot - Success"]
[11231][1600936843662][requester][info]["NewConsole~boot - Success"]
[11231][1600936843664][requester][info]["APIDevInterface~boot - Success"]
[11231][1600936843667][requester][info]["Updater bailed! Running on Snap!"]
[11231][1600936843677][requester][info]["Requester~boot - Success"]
[11231][1600936843677][requester][info]["booted - requester"]
[11231][1600936843717][requester][warn]["CloudProxyHandler: Error while reading proxy configuration from user data - ",{"errno":-2,"code":"ENOENT","syscall":"open","path":"/home/qa-admin/snap/postman/126/.config/Postman/Postman_Config/proxy","name":"Error","message":"ENOENT: no such file or directory, open '/home/qa-admin/snap/postman/126/.config/Postman/Postman_Config/proxy'","stack":"Error: ENOENT: no such file or directory, open '/home/qa-admin/snap/postman/126/.config/Postman/Postman_Config/proxy'"}]
[11231][1600936845070][requester][info]["SessionValidation - Registering listener"]
[11231][1600936845080][requester][warn]["FeatureFlagsStore~updateFlags: Could not find feature flags",{"error":{"message":"SyncRequestService\\x7erequestListener: Could not fetch from sync. Socket not connected."}}]
[23939][1601471222614][requester][info]["EventBus~initialize - Success"]
[23939][1601471222616][requester][info]["Messaging~boot - Success"]
[23939][1601471222627][requester][info]["bootCrashReporter~ Success"]
[23939][1601471222628][requester][info]["Telemetry~boot - Success"]
[23939][1601471222629][requester][info]["bootConfigurations~initialize - Success"]
[23939][1601471222632][requester][info]["Settings~boot - Success"]
[23939][1601471222707][requester][info]["bootstrapModels - Success"]
[23939][1601471222707][requester][info]["WLModels~boot - Success"]
[23939][1601471222745][requester][info]["Session~boot - Success"]
[23939][1601471222748][requester][info]["IndependentServices~boot - Success"]
[23939][1601471222768][requester][info]["AppModels~boot - Success"]
[23939][1601471222772][requester][info]["DBWatcher~boot - Success"]
[23939][1601471222781][requester][info]["ThemeManager~boot - Success"]
[23939][1601471222782][requester][info]["Store~boot - Success"]
[23939][1601471222784][requester][info]["Shortcuts~boot - Success"]
[23939][1601471222785][requester][info]["SyncProxy~boot - Success"]
[23939][1601471222793][requester][info]["NewConsole~boot - Success"]
[23939][1601471222797][requester][info]["APIDevInterface~boot - Success"]
[23939][1601471222799][requester][info]["Updater bailed! Running on Snap!"]
[23939][1601471222807][requester][info]["Requester~boot - Success"]
[23939][1601471222808][requester][info]["booted - requester"]
[23939][1601471222851][requester][warn]["CloudProxyHandler: Error while reading proxy configuration from user data - ",{"errno":-2,"code":"ENOENT","syscall":"open","path":"/home/qa-admin/snap/postman/126/.config/Postman/Postman_Config/proxy","name":"Error","message":"ENOENT: no such file or directory, open '/home/qa-admin/snap/postman/126/.config/Postman/Postman_Config/proxy'","stack":"Error: ENOENT: no such file or directory, open '/home/qa-admin/snap/postman/126/.config/Postman/Postman_Config/proxy'"}]
[23939][1601471224634][requester][info]["SessionValidation - Registering listener"]
[23939][1601471224647][requester][warn]["FeatureFlagsStore~updateFlags: Could not find feature flags",{"error":{"message":"SyncRequestService\\x7erequestListener: Could not fetch from sync. Socket not connected."}}]
[30075][1602795777956][requester][info]["EventBus~initialize - Success"]
[30075][1602795777959][requester][info]["Messaging~boot - Success"]
[30075][1602795777972][requester][info]["bootCrashReporter~ Success"]
[30075][1602795777974][requester][info]["Telemetry~boot - Success"]
[30075][1602795777975][requester][info]["bootConfigurations~initialize - Success"]
[30075][1602795777978][requester][info]["Settings~boot - Success"]
[30075][1602795778059][requester][info]["bootstrapModels - Success"]
[30075][1602795778060][requester][info]["WLModels~boot - Success"]
[30075][1602795778127][requester][info]["Session~boot - Success"]
[30075][1602795778130][requester][info]["IndependentServices~boot - Success"]
[30075][1602795778153][requester][info]["AppModels~boot - Success"]
[30075][1602795778158][requester][info]["DBWatcher~boot - Success"]
[30075][1602795778168][requester][info]["ThemeManager~boot - Success"]
[30075][1602795778169][requester][info]["Store~boot - Success"]
[30075][1602795778172][requester][info]["Shortcuts~boot - Success"]
[30075][1602795778173][requester][info]["SyncProxy~boot - Success"]
[30075][1602795778194][requester][info]["NewConsole~boot - Success"]
[30075][1602795778199][requester][info]["APIDevInterface~boot - Success"]
[30075][1602795778203][requester][info]["Updater bailed! Running on Snap!"]
[30075][1602795778213][requester][info]["Requester~boot - Success"]
[30075][1602795778214][requester][info]["booted - requester"]
[30075][1602795778284][requester][warn]["CloudProxyHandler: Error while reading proxy configuration from user data - ",{"errno":-2,"code":"ENOENT","syscall":"open","path":"/home/qa-admin/snap/postman/127/.config/Postman/Postman_Config/proxy","name":"Error","message":"ENOENT: no such file or directory, open '/home/qa-admin/snap/postman/127/.config/Postman/Postman_Config/proxy'","stack":"Error: ENOENT: no such file or directory, open '/home/qa-admin/snap/postman/127/.config/Postman/Postman_Config/proxy'"}]
[30075][1602795780983][requester][info]["SessionValidation - Registering listener"]
[30075][1602795781000][requester][warn]["FeatureFlagsStore~updateFlags: Could not find feature flags",{"error":{"message":"SyncRequestService\\x7erequestListener: Could not fetch from sync. Socket not connected."}}]
[22035][1602854046243][requester][info]["EventBus~initialize - Success"]
[22035][1602854046245][requester][info]["Messaging~boot - Success"]
[22035][1602854046252][requester][info]["bootCrashReporter~ Success"]
[22035][1602854046253][requester][info]["Telemetry~boot - Success"]
[22035][1602854046254][requester][info]["bootConfigurations~initialize - Success"]
[22035][1602854046256][requester][info]["Settings~boot - Success"]
[22035][1602854046308][requester][info]["bootstrapModels - Success"]
[22035][1602854046309][requester][info]["WLModels~boot - Success"]
[22035][1602854046344][requester][info]["Session~boot - Success"]
[22035][1602854046346][requester][info]["IndependentServices~boot - Success"]
[22035][1602854046365][requester][info]["AppModels~boot - Success"]
[22035][1602854046369][requester][info]["DBWatcher~boot - Success"]
[22035][1602854046376][requester][info]["ThemeManager~boot - Success"]
[22035][1602854046376][requester][info]["Store~boot - Success"]
[22035][1602854046378][requester][info]["Shortcuts~boot - Success"]
[22035][1602854046379][requester][info]["SyncProxy~boot - Success"]
[22035][1602854046389][requester][info]["NewConsole~boot - Success"]
[22035][1602854046397][requester][info]["APIDevInterface~boot - Success"]
[22035][1602854046401][requester][info]["Updater bailed! Running on Snap!"]
[22035][1602854046407][requester][info]["Requester~boot - Success"]
[22035][1602854046408][requester][info]["booted - requester"]
[22035][1602854046463][requester][warn]["CloudProxyHandler: Error while reading proxy configuration from user data - ",{"errno":-2,"code":"ENOENT","syscall":"open","path":"/home/qa-admin/snap/postman/127/.config/Postman/Postman_Config/proxy","name":"Error","message":"ENOENT: no such file or directory, open '/home/qa-admin/snap/postman/127/.config/Postman/Postman_Config/proxy'","stack":"Error: ENOENT: no such file or directory, open '/home/qa-admin/snap/postman/127/.config/Postman/Postman_Config/proxy'"}]
[22035][1602854047828][requester][info]["SessionValidation - Registering listener"]
[22035][1602854047835][requester][warn]["FeatureFlagsStore~updateFlags: Could not find feature flags",{"error":{"message":"SyncRequestService\\x7erequestListener: Could not fetch from sync. Socket not connected."}}]
[9164][1603444715833][requester][info]["EventBus~initialize - Success"]
[9164][1603444715835][requester][info]["Messaging~boot - Success"]
[9164][1603444715848][requester][info]["bootCrashReporter~ Success"]
[9164][1603444715850][requester][info]["Telemetry~boot - Success"]
[9164][1603444715850][requester][info]["bootConfigurations~initialize - Success"]
[9164][1603444715853][requester][info]["Settings~boot - Success"]
[9164][1603444715938][requester][info]["bootstrapModels - Success"]
[9164][1603444715938][requester][info]["WLModels~boot - Success"]
[9164][1603444715982][requester][info]["Session~boot - Success"]
[9164][1603444715985][requester][info]["IndependentServices~boot - Success"]
[9164][1603444716007][requester][info]["AppModels~boot - Success"]
[9164][1603444716012][requester][info]["DBWatcher~boot - Success"]
[9164][1603444716022][requester][info]["ThemeManager~boot - Success"]
[9164][1603444716023][requester][info]["Store~boot - Success"]
[9164][1603444716027][requester][info]["Shortcuts~boot - Success"]
[9164][1603444716028][requester][info]["SyncProxy~boot - Success"]
[9164][1603444716054][requester][info]["NewConsole~boot - Success"]
[9164][1603444716060][requester][info]["APIDevInterface~boot - Success"]
[9164][1603444716062][requester][info]["Updater bailed! Running on Snap!"]
[9164][1603444716072][requester][info]["Requester~boot - Success"]
[9164][1603444716073][requester][info]["booted - requester"]
[9164][1603444716128][requester][warn]["CloudProxyHandler: Error while reading proxy configuration from user data - ",{"errno":-2,"code":"ENOENT","syscall":"open","path":"/home/qa-admin/snap/postman/127/.config/Postman/Postman_Config/proxy","name":"Error","message":"ENOENT: no such file or directory, open '/home/qa-admin/snap/postman/127/.config/Postman/Postman_Config/proxy'","stack":"Error: ENOENT: no such file or directory, open '/home/qa-admin/snap/postman/127/.config/Postman/Postman_Config/proxy'"}]
[9164][1603444718247][requester][info]["SessionValidation - Registering listener"]
[9164][1603444718260][requester][warn]["FeatureFlagsStore~updateFlags: Could not find feature flags",{"error":{"message":"SyncRequestService\\x7erequestListener: Could not fetch from sync. Socket not connected."}}]
[4762][1603448193452][requester][info]["EventBus~initialize - Success"]
[4762][1603448193456][requester][info]["Messaging~boot - Success"]
[4762][1603448193472][requester][info]["bootCrashReporter~ Success"]
[4762][1603448193474][requester][info]["Telemetry~boot - Success"]
[4762][1603448193475][requester][info]["bootConfigurations~initialize - Success"]
[4762][1603448193478][requester][info]["Settings~boot - Success"]
[4762][1603448193573][requester][info]["bootstrapModels - Success"]
[4762][1603448193573][requester][info]["WLModels~boot - Success"]
[4762][1603448193614][requester][info]["Session~boot - Success"]
[4762][1603448193619][requester][info]["IndependentServices~boot - Success"]
[4762][1603448193644][requester][info]["AppModels~boot - Success"]
[4762][1603448193649][requester][info]["DBWatcher~boot - Success"]
[4762][1603448193658][requester][info]["ThemeManager~boot - Success"]
[4762][1603448193659][requester][info]["Store~boot - Success"]
[4762][1603448193662][requester][info]["Shortcuts~boot - Success"]
[4762][1603448193662][requester][info]["SyncProxy~boot - Success"]
[4762][1603448193681][requester][info]["NewConsole~boot - Success"]
[4762][1603448193688][requester][info]["APIDevInterface~boot - Success"]
[4762][1603448193692][requester][info]["Updater bailed! Running on Snap!"]
[4762][1603448193704][requester][info]["Requester~boot - Success"]
[4762][1603448193704][requester][info]["booted - requester"]
[4762][1603448193755][requester][warn]["CloudProxyHandler: Error while reading proxy configuration from user data - ",{"errno":-2,"code":"ENOENT","syscall":"open","path":"/home/qa-admin/snap/postman/127/.config/Postman/Postman_Config/proxy","name":"Error","message":"ENOENT: no such file or directory, open '/home/qa-admin/snap/postman/127/.config/Postman/Postman_Config/proxy'","stack":"Error: ENOENT: no such file or directory, open '/home/qa-admin/snap/postman/127/.config/Postman/Postman_Config/proxy'"}]
[4762][1603448195880][requester][info]["SessionValidation - Registering listener"]
[4762][1603448195897][requester][warn]["FeatureFlagsStore~updateFlags: Could not find feature flags",{"error":{"message":"SyncRequestService\\x7erequestListener: Could not fetch from sync. Socket not connected."}}]
[5697][1603487521530][requester][info]["EventBus~initialize - Success"]
[5697][1603487521533][requester][info]["Messaging~boot - Success"]
[5697][1603487521546][requester][info]["bootCrashReporter~ Success"]
[5697][1603487521547][requester][info]["Telemetry~boot - Success"]
[5697][1603487521548][requester][info]["bootConfigurations~initialize - Success"]
[5697][1603487521551][requester][info]["Settings~boot - Success"]
[5697][1603487521632][requester][info]["bootstrapModels - Success"]
[5697][1603487521633][requester][info]["WLModels~boot - Success"]
[5697][1603487521671][requester][info]["Session~boot - Success"]
[5697][1603487521674][requester][info]["IndependentServices~boot - Success"]
[5697][1603487521696][requester][info]["AppModels~boot - Success"]
[5697][1603487521701][requester][info]["DBWatcher~boot - Success"]
[5697][1603487521709][requester][info]["ThemeManager~boot - Success"]
[5697][1603487521710][requester][info]["Store~boot - Success"]
[5697][1603487521712][requester][info]["Shortcuts~boot - Success"]
[5697][1603487521713][requester][info]["SyncProxy~boot - Success"]
[5697][1603487521736][requester][info]["NewConsole~boot - Success"]
[5697][1603487521742][requester][info]["APIDevInterface~boot - Success"]
[5697][1603487521745][requester][info]["Updater bailed! Running on Snap!"]
[5697][1603487521756][requester][info]["Requester~boot - Success"]
[5697][1603487521756][requester][info]["booted - requester"]
[5697][1603487521807][requester][warn]["CloudProxyHandler: Error while reading proxy configuration from user data - ",{"errno":-2,"code":"ENOENT","syscall":"open","path":"/home/qa-admin/snap/postman/127/.config/Postman/Postman_Config/proxy","name":"Error","message":"ENOENT: no such file or directory, open '/home/qa-admin/snap/postman/127/.config/Postman/Postman_Config/proxy'","stack":"Error: ENOENT: no such file or directory, open '/home/qa-admin/snap/postman/127/.config/Postman/Postman_Config/proxy'"}]
[5697][1603487524435][requester][info]["SessionValidation - Registering listener"]
[5697][1603487524462][requester][warn]["FeatureFlagsStore~updateFlags: Could not find feature flags",{"error":{"message":"SyncRequestService\\x7erequestListener: Could not fetch from sync. Socket not connected."}}]
[7184][1603650765185][requester][info]["EventBus~initialize - Success"]
[7184][1603650765186][requester][info]["Messaging~boot - Success"]
[7184][1603650765193][requester][info]["bootCrashReporter~ Success"]
[7184][1603650765195][requester][info]["Telemetry~boot - Success"]
[7184][1603650765196][requester][info]["bootConfigurations~initialize - Success"]
[7184][1603650765197][requester][info]["Settings~boot - Success"]
[7184][1603650765260][requester][info]["bootstrapModels - Success"]
[7184][1603650765260][requester][info]["WLModels~boot - Success"]
[7184][1603650765289][requester][info]["Session~boot - Success"]
[7184][1603650765292][requester][info]["IndependentServices~boot - Success"]
[7184][1603650765314][requester][info]["AppModels~boot - Success"]
[7184][1603650765319][requester][info]["DBWatcher~boot - Success"]
[7184][1603650765325][requester][info]["ThemeManager~boot - Success"]
[7184][1603650765325][requester][info]["Store~boot - Success"]
[7184][1603650765327][requester][info]["Shortcuts~boot - Success"]
[7184][1603650765328][requester][info]["SyncProxy~boot - Success"]
[7184][1603650765334][requester][info]["NewConsole~boot - Success"]
[7184][1603650765340][requester][info]["APIDevInterface~boot - Success"]
[7184][1603650765343][requester][info]["Updater bailed! Running on Snap!"]
[7184][1603650765349][requester][info]["Requester~boot - Success"]
[7184][1603650765350][requester][info]["booted - requester"]
[7184][1603650765389][requester][warn]["CloudProxyHandler: Error while reading proxy configuration from user data - ",{"errno":-2,"code":"ENOENT","syscall":"open","path":"/home/qa-admin/snap/postman/127/.config/Postman/Postman_Config/proxy","name":"Error","message":"ENOENT: no such file or directory, open '/home/qa-admin/snap/postman/127/.config/Postman/Postman_Config/proxy'","stack":"Error: ENOENT: no such file or directory, open '/home/qa-admin/snap/postman/127/.config/Postman/Postman_Config/proxy'"}]
[7184][1603650766826][requester][info]["SessionValidation - Registering listener"]
[7184][1603650766835][requester][warn]["FeatureFlagsStore~updateFlags: Could not find feature flags",{"error":{"message":"SyncRequestService\\x7erequestListener: Could not fetch from sync. Socket not connected."}}]
[5711][1603963686811][requester][info]["EventBus~initialize - Success"]
[5711][1603963686813][requester][info]["Messaging~boot - Success"]
[5711][1603963686828][requester][info]["bootCrashReporter~ Success"]
[5711][1603963686830][requester][info]["Telemetry~boot - Success"]
[5711][1603963686832][requester][info]["bootConfigurations~initialize - Success"]
[5711][1603963686837][requester][info]["Settings~boot - Success"]
[5711][1603963686940][requester][info]["bootstrapModels - Success"]
[5711][1603963686941][requester][info]["WLModels~boot - Success"]
[5711][1603963686994][requester][info]["Session~boot - Success"]
[5711][1603963686997][requester][info]["IndependentServices~boot - Success"]
[5711][1603963687025][requester][info]["AppModels~boot - Success"]
[5711][1603963687032][requester][info]["DBWatcher~boot - Success"]
[5711][1603963687041][requester][info]["ThemeManager~boot - Success"]
[5711][1603963687041][requester][info]["Store~boot - Success"]
[5711][1603963687046][requester][info]["Shortcuts~boot - Success"]
[5711][1603963687046][requester][info]["SyncProxy~boot - Success"]
[5711][1603963687061][requester][info]["NewConsole~boot - Success"]
[5711][1603963687066][requester][info]["APIDevInterface~boot - Success"]
[5711][1603963687069][requester][info]["Updater bailed! Running on Snap!"]
[5711][1603963687080][requester][info]["Requester~boot - Success"]
[5711][1603963687081][requester][info]["booted - requester"]
[5711][1603963687139][requester][warn]["CloudProxyHandler: Error while reading proxy configuration from user data - ",{"errno":-2,"code":"ENOENT","syscall":"open","path":"/home/qa-admin/snap/postman/128/.config/Postman/Postman_Config/proxy","name":"Error","message":"ENOENT: no such file or directory, open '/home/qa-admin/snap/postman/128/.config/Postman/Postman_Config/proxy'","stack":"Error: ENOENT: no such file or directory, open '/home/qa-admin/snap/postman/128/.config/Postman/Postman_Config/proxy'"}]
[5711][1603963689434][requester][info]["SessionValidation - Registering listener"]
[5711][1603963689451][requester][warn]["FeatureFlagsStore~updateFlags: Could not find feature flags",{"error":{"message":"SyncRequestService\\x7erequestListener: Could not fetch from sync. Socket not connected."}}]
[13663][1604009227519][requester][info]["EventBus~initialize - Success"]
[13663][1604009227522][requester][info]["Messaging~boot - Success"]
[13663][1604009227541][requester][info]["bootCrashReporter~ Success"]
[13663][1604009227543][requester][info]["Telemetry~boot - Success"]
[13663][1604009227544][requester][info]["bootConfigurations~initialize - Success"]
[13663][1604009227559][requester][info]["Settings~boot - Success"]
[13663][1604009227662][requester][info]["bootstrapModels - Success"]
[13663][1604009227663][requester][info]["WLModels~boot - Success"]
[13663][1604009227718][requester][info]["Session~boot - Success"]
[13663][1604009227721][requester][info]["IndependentServices~boot - Success"]
[13663][1604009227744][requester][info]["AppModels~boot - Success"]
[13663][1604009227749][requester][info]["DBWatcher~boot - Success"]
[13663][1604009227752][requester][info]["ThemeManager~boot - Success"]
[13663][1604009227753][requester][info]["Store~boot - Success"]
[13663][1604009227756][requester][info]["Shortcuts~boot - Success"]
[13663][1604009227756][requester][info]["SyncProxy~boot - Success"]
[13663][1604009227775][requester][info]["NewConsole~boot - Success"]
[13663][1604009227796][requester][info]["APIDevInterface~boot - Success"]
[13663][1604009227799][requester][info]["Updater bailed! Running on Snap!"]
[13663][1604009227808][requester][info]["Requester~boot - Success"]
[13663][1604009227809][requester][info]["booted - requester"]
[13663][1604009227892][requester][warn]["CloudProxyHandler: Error while reading proxy configuration from user data - ",{"errno":-2,"code":"ENOENT","syscall":"open","path":"/home/qa-admin/snap/postman/128/.config/Postman/Postman_Config/proxy","name":"Error","message":"ENOENT: no such file or directory, open '/home/qa-admin/snap/postman/128/.config/Postman/Postman_Config/proxy'","stack":"Error: ENOENT: no such file or directory, open '/home/qa-admin/snap/postman/128/.config/Postman/Postman_Config/proxy'"}]
[13663][1604009230492][requester][info]["SessionValidation - Registering listener"]
[13663][1604009230589][requester][warn]["FeatureFlagsStore~updateFlags: Could not find feature flags",{"error":{"message":"SyncRequestService\\x7erequestListener: Could not fetch from sync. Socket not connected."}}]
[6628][1604067174316][requester][info]["EventBus~initialize - Success"]
[6628][1604067174318][requester][info]["Messaging~boot - Success"]
[6628][1604067174332][requester][info]["bootCrashReporter~ Success"]
[6628][1604067174334][requester][info]["Telemetry~boot - Success"]
[6628][1604067174335][requester][info]["bootConfigurations~initialize - Success"]
[6628][1604067174338][requester][info]["Settings~boot - Success"]
[6628][1604067174437][requester][info]["bootstrapModels - Success"]
[6628][1604067174438][requester][info]["WLModels~boot - Success"]
[6628][1604067174533][requester][info]["Session~boot - Success"]
[6628][1604067174537][requester][info]["IndependentServices~boot - Success"]
[6628][1604067174566][requester][info]["AppModels~boot - Success"]
[6628][1604067174572][requester][info]["DBWatcher~boot - Success"]
[6628][1604067174580][requester][info]["ThemeManager~boot - Success"]
[6628][1604067174581][requester][info]["Store~boot - Success"]
[6628][1604067174584][requester][info]["Shortcuts~boot - Success"]
[6628][1604067174584][requester][info]["SyncProxy~boot - Success"]
[6628][1604067174605][requester][info]["NewConsole~boot - Success"]
[6628][1604067174613][requester][info]["APIDevInterface~boot - Success"]
[6628][1604067174620][requester][info]["Updater bailed! Running on Snap!"]
[6628][1604067174630][requester][info]["Requester~boot - Success"]
[6628][1604067174631][requester][info]["booted - requester"]
[6628][1604067174735][requester][warn]["CloudProxyHandler: Error while reading proxy configuration from user data - ",{"errno":-2,"code":"ENOENT","syscall":"open","path":"/home/qa-admin/snap/postman/128/.config/Postman/Postman_Config/proxy","name":"Error","message":"ENOENT: no such file or directory, open '/home/qa-admin/snap/postman/128/.config/Postman/Postman_Config/proxy'","stack":"Error: ENOENT: no such file or directory, open '/home/qa-admin/snap/postman/128/.config/Postman/Postman_Config/proxy'"}]
[6628][1604067177256][requester][info]["SessionValidation - Registering listener"]
[6628][1604067177272][requester][warn]["FeatureFlagsStore~updateFlags: Could not find feature flags",{"error":{"message":"SyncRequestService\\x7erequestListener: Could not fetch from sync. Socket not connected."}}]
[19265][1604332084530][requester][info]["EventBus~initialize - Success"]
[19265][1604332084533][requester][info]["Messaging~boot - Success"]
[19265][1604332084545][requester][info]["bootCrashReporter~ Success"]
[19265][1604332084547][requester][info]["Telemetry~boot - Success"]
[19265][1604332084548][requester][info]["bootConfigurations~initialize - Success"]
[19265][1604332084559][requester][info]["Settings~boot - Success"]
[19265][1604332084647][requester][info]["bootstrapModels - Success"]
[19265][1604332084648][requester][info]["WLModels~boot - Success"]
[19265][1604332084684][requester][info]["Session~boot - Success"]
[19265][1604332084687][requester][info]["IndependentServices~boot - Success"]
[19265][1604332084707][requester][info]["AppModels~boot - Success"]
[19265][1604332084712][requester][info]["DBWatcher~boot - Success"]
[19265][1604332084721][requester][info]["ThemeManager~boot - Success"]
[19265][1604332084722][requester][info]["Store~boot - Success"]
[19265][1604332084725][requester][info]["Shortcuts~boot - Success"]
[19265][1604332084725][requester][info]["SyncProxy~boot - Success"]
[19265][1604332084738][requester][info]["NewConsole~boot - Success"]
[19265][1604332084743][requester][info]["APIDevInterface~boot - Success"]
[19265][1604332084746][requester][info]["Updater bailed! Running on Snap!"]
[19265][1604332084757][requester][info]["Requester~boot - Success"]
[19265][1604332084758][requester][info]["booted - requester"]
[19265][1604332084847][requester][warn]["CloudProxyHandler: Error while reading proxy configuration from user data - ",{"errno":-2,"code":"ENOENT","syscall":"open","path":"/home/qa-admin/snap/postman/128/.config/Postman/Postman_Config/proxy","name":"Error","message":"ENOENT: no such file or directory, open '/home/qa-admin/snap/postman/128/.config/Postman/Postman_Config/proxy'","stack":"Error: ENOENT: no such file or directory, open '/home/qa-admin/snap/postman/128/.config/Postman/Postman_Config/proxy'"}]
[19265][1604332086946][requester][info]["SessionValidation - Registering listener"]
[19265][1604332086959][requester][warn]["FeatureFlagsStore~updateFlags: Could not find feature flags",{"error":{"message":"SyncRequestService\\x7erequestListener: Could not fetch from sync. Socket not connected."}}]
[5524][1604350294470][requester][info]["EventBus~initialize - Success"]
[5524][1604350294472][requester][info]["Messaging~boot - Success"]
[5524][1604350294486][requester][info]["bootCrashReporter~ Success"]
[5524][1604350294488][requester][info]["Telemetry~boot - Success"]
[5524][1604350294489][requester][info]["bootConfigurations~initialize - Success"]
[5524][1604350294502][requester][info]["Settings~boot - Success"]
[5524][1604350294586][requester][info]["bootstrapModels - Success"]
[5524][1604350294587][requester][info]["WLModels~boot - Success"]
[5524][1604350294630][requester][info]["Session~boot - Success"]
[5524][1604350294634][requester][info]["IndependentServices~boot - Success"]
[5524][1604350294655][requester][info]["AppModels~boot - Success"]
[5524][1604350294660][requester][info]["DBWatcher~boot - Success"]
[5524][1604350294668][requester][info]["ThemeManager~boot - Success"]
[5524][1604350294669][requester][info]["Store~boot - Success"]
[5524][1604350294672][requester][info]["Shortcuts~boot - Success"]
[5524][1604350294672][requester][info]["SyncProxy~boot - Success"]
[5524][1604350294691][requester][info]["NewConsole~boot - Success"]
[5524][1604350294697][requester][info]["APIDevInterface~boot - Success"]
[5524][1604350294700][requester][info]["Updater bailed! Running on Snap!"]
[5524][1604350294709][requester][info]["Requester~boot - Success"]
[5524][1604350294709][requester][info]["booted - requester"]
[5524][1604350294753][requester][warn]["CloudProxyHandler: Error while reading proxy configuration from user data - ",{"errno":-2,"code":"ENOENT","syscall":"open","path":"/home/qa-admin/snap/postman/128/.config/Postman/Postman_Config/proxy","name":"Error","message":"ENOENT: no such file or directory, open '/home/qa-admin/snap/postman/128/.config/Postman/Postman_Config/proxy'","stack":"Error: ENOENT: no such file or directory, open '/home/qa-admin/snap/postman/128/.config/Postman/Postman_Config/proxy'"}]
[5524][1604350296846][requester][info]["SessionValidation - Registering listener"]
[5524][1604350296866][requester][warn]["FeatureFlagsStore~updateFlags: Could not find feature flags",{"error":{"message":"SyncRequestService\\x7erequestListener: Could not fetch from sync. Socket not connected."}}]
[8648][1605609821649][requester][info]["EventBus~initialize - Success"]
[8648][1605609821652][requester][info]["Messaging~boot - Success"]
[8648][1605609821668][requester][info]["bootCrashReporter~ Success"]
[8648][1605609821671][requester][info]["Telemetry~boot - Success"]
[8648][1605609821673][requester][info]["bootConfigurations~initialize - Success"]
[8648][1605609821691][requester][info]["Settings~boot - Success"]
[8648][1605609821774][requester][info]["bootstrapModels - Success"]
[8648][1605609821775][requester][info]["WLModels~boot - Success"]
[8648][1605609821838][requester][info]["Session~boot - Success"]
[8648][1605609821843][requester][info]["IndependentServices~boot - Success"]
[8648][1605609821871][requester][info]["AppModels~boot - Success"]
[8648][1605609821877][requester][info]["DBWatcher~boot - Success"]
[8648][1605609821884][requester][info]["ThemeManager~boot - Success"]
[8648][1605609821885][requester][info]["Store~boot - Success"]
[8648][1605609821888][requester][info]["Shortcuts~boot - Success"]
[8648][1605609821889][requester][info]["SyncProxy~boot - Success"]
[8648][1605609821908][requester][info]["NewConsole~boot - Success"]
[8648][1605609821915][requester][info]["APIDevInterface~boot - Success"]
[8648][1605609821919][requester][info]["Updater bailed! Running on Snap!"]
[8648][1605609821929][requester][info]["Requester~boot - Success"]
[8648][1605609821929][requester][info]["booted - requester"]
[8648][1605609821985][requester][warn]["CloudProxyHandler: Error while reading proxy configuration from user data - ",{"errno":-2,"code":"ENOENT","syscall":"open","path":"/home/qa-admin/snap/postman/128/.config/Postman/Postman_Config/proxy","name":"Error","message":"ENOENT: no such file or directory, open '/home/qa-admin/snap/postman/128/.config/Postman/Postman_Config/proxy'","stack":"Error: ENOENT: no such file or directory, open '/home/qa-admin/snap/postman/128/.config/Postman/Postman_Config/proxy'"}]
[8648][1605609824425][requester][info]["SessionValidation - Registering listener"]
[8648][1605609824441][requester][warn]["FeatureFlagsStore~updateFlags: Could not find feature flags",{"error":{"message":"SyncRequestService\\x7erequestListener: Could not fetch from sync. Socket not connected."}}]
[4208][1605618588279][requester][info]["EventBus~initialize - Success"]
[4208][1605618588282][requester][info]["Messaging~boot - Success"]
[4208][1605618588294][requester][info]["bootCrashReporter~ Success"]
[4208][1605618588296][requester][info]["Telemetry~boot - Success"]
[4208][1605618588297][requester][info]["bootConfigurations~initialize - Success"]
[4208][1605618588310][requester][info]["Settings~boot - Success"]
[4208][1605618588395][requester][info]["bootstrapModels - Success"]
[4208][1605618588396][requester][info]["WLModels~boot - Success"]
[4208][1605618588442][requester][info]["Session~boot - Success"]
[4208][1605618588444][requester][info]["IndependentServices~boot - Success"]
[4208][1605618588466][requester][info]["AppModels~boot - Success"]
[4208][1605618588471][requester][info]["DBWatcher~boot - Success"]
[4208][1605618588480][requester][info]["ThemeManager~boot - Success"]
[4208][1605618588481][requester][info]["Store~boot - Success"]
[4208][1605618588484][requester][info]["Shortcuts~boot - Success"]
[4208][1605618588485][requester][info]["SyncProxy~boot - Success"]
[4208][1605618588505][requester][info]["NewConsole~boot - Success"]
[4208][1605618588509][requester][info]["APIDevInterface~boot - Success"]
[4208][1605618588511][requester][info]["Updater bailed! Running on Snap!"]
[4208][1605618588521][requester][info]["Requester~boot - Success"]
[4208][1605618588522][requester][info]["booted - requester"]
[4208][1605618588609][requester][warn]["CloudProxyHandler: Error while reading proxy configuration from user data - ",{"errno":-2,"code":"ENOENT","syscall":"open","path":"/home/qa-admin/snap/postman/128/.config/Postman/Postman_Config/proxy","name":"Error","message":"ENOENT: no such file or directory, open '/home/qa-admin/snap/postman/128/.config/Postman/Postman_Config/proxy'","stack":"Error: ENOENT: no such file or directory, open '/home/qa-admin/snap/postman/128/.config/Postman/Postman_Config/proxy'"}]
[4208][1605618590635][requester][info]["SessionValidation - Registering listener"]
[4208][1605618590647][requester][warn]["FeatureFlagsStore~updateFlags: Could not find feature flags",{"error":{"message":"SyncRequestService\\x7erequestListener: Could not fetch from sync. Socket not connected."}}]
[10135][1605692798276][requester][info]["EventBus~initialize - Success"]
[10135][1605692798279][requester][info]["Messaging~boot - Success"]
[10135][1605692798292][requester][info]["bootCrashReporter~ Success"]
[10135][1605692798293][requester][info]["Telemetry~boot - Success"]
[10135][1605692798294][requester][info]["bootConfigurations~initialize - Success"]
[10135][1605692798307][requester][info]["Settings~boot - Success"]
[10135][1605692798528][requester][info]["bootstrapModels - Success"]
[10135][1605692798529][requester][info]["WLModels~boot - Success"]
[10135][1605692798578][requester][info]["Session~boot - Success"]
[10135][1605692798580][requester][info]["IndependentServices~boot - Success"]
[10135][1605692798603][requester][info]["AppModels~boot - Success"]
[10135][1605692798608][requester][info]["DBWatcher~boot - Success"]
[10135][1605692798611][requester][info]["ThemeManager~boot - Success"]
[10135][1605692798612][requester][info]["Store~boot - Success"]
[10135][1605692798615][requester][info]["Shortcuts~boot - Success"]
[10135][1605692798616][requester][info]["SyncProxy~boot - Success"]
[10135][1605692798647][requester][info]["NewConsole~boot - Success"]
[10135][1605692798651][requester][info]["APIDevInterface~boot - Success"]
[10135][1605692798655][requester][info]["Updater bailed! Running on Snap!"]
[10135][1605692798664][requester][info]["Requester~boot - Success"]
[10135][1605692798664][requester][info]["booted - requester"]
[10135][1605692798743][requester][warn]["CloudProxyHandler: Error while reading proxy configuration from user data - ",{"errno":-2,"code":"ENOENT","syscall":"open","path":"/home/qa-admin/snap/postman/128/.config/Postman/Postman_Config/proxy","name":"Error","message":"ENOENT: no such file or directory, open '/home/qa-admin/snap/postman/128/.config/Postman/Postman_Config/proxy'","stack":"Error: ENOENT: no such file or directory, open '/home/qa-admin/snap/postman/128/.config/Postman/Postman_Config/proxy'"}]
[10135][1605692801125][requester][info]["SessionValidation - Registering listener"]
[10135][1605692801155][requester][warn]["FeatureFlagsStore~updateFlags: Could not find feature flags",{"error":{"message":"SyncRequestService\\x7erequestListener: Could not fetch from sync. Socket not connected."}}]
